[INFO] Scanning for projects...
[INFO] 
[INFO] -----------------------< com.example:lets-play >------------------------
[INFO] Building lets-play 0.0.1-SNAPSHOT
[INFO]   from pom.xml
[INFO] --------------------------------[ jar ]---------------------------------
[INFO] 
[INFO] >>> spring-boot:3.5.6:run (default-cli) > test-compile @ lets-play >>>
[INFO] 
[INFO] --- resources:3.3.1:resources (default-resources) @ lets-play ---
[INFO] Copying 1 resource from src/main/resources to target/classes
[INFO] Copying 0 resource from src/main/resources to target/classes
[INFO] 
[INFO] --- compiler:3.14.0:compile (default-compile) @ lets-play ---
[INFO] Recompiling the module because of changed source code.
[INFO] Compiling 27 source files with javac [debug parameters release 21] to target/classes
[INFO] /home/zone01student/dev/Java/lets-play/src/main/java/com/example/lets_play/config/WebSecurityConfig.java: /home/zone01student/dev/Java/lets-play/src/main/java/com/example/lets_play/config/WebSecurityConfig.java uses or overrides a deprecated API.
[INFO] /home/zone01student/dev/Java/lets-play/src/main/java/com/example/lets_play/config/WebSecurityConfig.java: Recompile with -Xlint:deprecation for details.
[INFO] 
[INFO] --- resources:3.3.1:testResources (default-testResources) @ lets-play ---
[INFO] skip non existing resourceDirectory /home/zone01student/dev/Java/lets-play/src/test/resources
[INFO] 
[INFO] --- compiler:3.14.0:testCompile (default-testCompile) @ lets-play ---
[INFO] Recompiling the module because of changed dependency.
[INFO] Compiling 1 source file with javac [debug parameters release 21] to target/test-classes
[INFO] 
[INFO] <<< spring-boot:3.5.6:run (default-cli) < test-compile @ lets-play <<<
[INFO] 
[INFO] 
[INFO] --- spring-boot:3.5.6:run (default-cli) @ lets-play ---
[INFO] Attaching agents: []

  .   ____          _            __ _ _
 /\\ / ___'_ __ _ _(_)_ __  __ _ \ \ \ \
( ( )\___ | '_ | '_| | '_ \/ _` | \ \ \ \
 \\/  ___)| |_)| | | | | || (_| |  ) ) ) )
  '  |____| .__|_| |_|_| |_\__, | / / / /
 =========|_|==============|___/=/_/_/_/

 :: Spring Boot ::                (v3.5.6)

2025-10-06T10:28:47.051+02:00  INFO 99021 --- [lets-play] [  restartedMain] c.example.lets_play.LetsPlayApplication  : Starting LetsPlayApplication using Java 21.0.8 with PID 99021 (/home/zone01student/dev/Java/lets-play/target/classes started by zone01student in /home/zone01student/dev/Java/lets-play)
2025-10-06T10:28:47.053+02:00 DEBUG 99021 --- [lets-play] [  restartedMain] c.example.lets_play.LetsPlayApplication  : Running with Spring Boot v3.5.6, Spring v6.2.11
2025-10-06T10:28:47.054+02:00  INFO 99021 --- [lets-play] [  restartedMain] c.example.lets_play.LetsPlayApplication  : No active profile set, falling back to 1 default profile: "default"
2025-10-06T10:28:47.095+02:00  INFO 99021 --- [lets-play] [  restartedMain] .e.DevToolsPropertyDefaultsPostProcessor : Devtools property defaults active! Set 'spring.devtools.add-properties' to 'false' to disable
2025-10-06T10:28:47.095+02:00  INFO 99021 --- [lets-play] [  restartedMain] .e.DevToolsPropertyDefaultsPostProcessor : For additional web related logging consider setting the 'logging.level.web' property to 'DEBUG'
2025-10-06T10:28:47.738+02:00  INFO 99021 --- [lets-play] [  restartedMain] .s.d.r.c.RepositoryConfigurationDelegate : Bootstrapping Spring Data MongoDB repositories in DEFAULT mode.
2025-10-06T10:28:47.784+02:00  INFO 99021 --- [lets-play] [  restartedMain] .s.d.r.c.RepositoryConfigurationDelegate : Finished Spring Data repository scanning in 41 ms. Found 2 MongoDB repository interfaces.
2025-10-06T10:28:48.461+02:00  INFO 99021 --- [lets-play] [  restartedMain] o.s.b.w.embedded.tomcat.TomcatWebServer  : Tomcat initialized with port 8080 (http)
2025-10-06T10:28:48.495+02:00  INFO 99021 --- [lets-play] [  restartedMain] o.apache.catalina.core.StandardService   : Starting service [Tomcat]
2025-10-06T10:28:48.496+02:00  INFO 99021 --- [lets-play] [  restartedMain] o.apache.catalina.core.StandardEngine    : Starting Servlet engine: [Apache Tomcat/10.1.46]
2025-10-06T10:28:48.536+02:00  INFO 99021 --- [lets-play] [  restartedMain] o.a.c.c.C.[Tomcat].[localhost].[/]       : Initializing Spring embedded WebApplicationContext
2025-10-06T10:28:48.537+02:00  INFO 99021 --- [lets-play] [  restartedMain] w.s.c.ServletWebServerApplicationContext : Root WebApplicationContext: initialization completed in 1441 ms
2025-10-06T10:28:48.706+02:00  INFO 99021 --- [lets-play] [  restartedMain] org.mongodb.driver.client                : MongoClient with metadata {"driver": {"name": "mongo-java-driver|sync|spring-boot", "version": "5.5.1"}, "os": {"type": "Linux", "name": "Linux", "architecture": "amd64", "version": "6.14.0-33-generic"}, "platform": "Java/Ubuntu/21.0.8+9-Ubuntu-0ubuntu124.04.1"} created with settings MongoClientSettings{readPreference=primary, writeConcern=WriteConcern{w=null, wTimeout=null ms, journal=null}, retryWrites=true, retryReads=true, readConcern=ReadConcern{level=null}, credential=null, transportSettings=null, commandListeners=[], codecRegistry=ProvidersCodecRegistry{codecProviders=[ValueCodecProvider{}, BsonValueCodecProvider{}, DBRefCodecProvider{}, DBObjectCodecProvider{}, DocumentCodecProvider{}, CollectionCodecProvider{}, IterableCodecProvider{}, MapCodecProvider{}, GeoJsonCodecProvider{}, GridFSFileCodecProvider{}, Jsr310CodecProvider{}, JsonObjectCodecProvider{}, BsonCodecProvider{}, EnumCodecProvider{}, com.mongodb.client.model.mql.ExpressionCodecProvider@905fffd, com.mongodb.Jep395RecordCodecProvider@51bffded, com.mongodb.KotlinCodecProvider@52d565de]}, loggerSettings=LoggerSettings{maxDocumentLength=1000}, clusterSettings={hosts=[localhost:27017], srvServiceName=mongodb, mode=SINGLE, requiredClusterType=UNKNOWN, requiredReplicaSetName='null', serverSelector='null', clusterListeners='[]', serverSelectionTimeout='30000 ms', localThreshold='15 ms'}, socketSettings=SocketSettings{connectTimeoutMS=10000, readTimeoutMS=0, receiveBufferSize=0, proxySettings=ProxySettings{host=null, port=null, username=null, password=null}}, heartbeatSocketSettings=SocketSettings{connectTimeoutMS=10000, readTimeoutMS=10000, receiveBufferSize=0, proxySettings=ProxySettings{host=null, port=null, username=null, password=null}}, connectionPoolSettings=ConnectionPoolSettings{maxSize=100, minSize=0, maxWaitTimeMS=120000, maxConnectionLifeTimeMS=0, maxConnectionIdleTimeMS=0, maintenanceInitialDelayMS=0, maintenanceFrequencyMS=60000, connectionPoolListeners=[], maxConnecting=2}, serverSettings=ServerSettings{heartbeatFrequencyMS=10000, minHeartbeatFrequencyMS=500, serverMonitoringMode=AUTO, serverListeners='[]', serverMonitorListeners='[]'}, sslSettings=SslSettings{enabled=false, invalidHostNameAllowed=false, context=null}, applicationName='null', compressorList=[], uuidRepresentation=JAVA_LEGACY, serverApi=null, autoEncryptionSettings=null, dnsClient=null, inetAddressResolver=null, contextProvider=null, timeoutMS=null}
2025-10-06T10:28:48.721+02:00  INFO 99021 --- [lets-play] [localhost:27017] org.mongodb.driver.cluster               : Monitor thread successfully connected to server with description ServerDescription{address=localhost:27017, type=STANDALONE, cryptd=false, state=CONNECTED, ok=true, minWireVersion=0, maxWireVersion=21, maxDocumentSize=16777216, logicalSessionTimeoutMinutes=30, roundTripTimeNanos=13844380, minRoundTripTimeNanos=0}
2025-10-06T10:28:49.047+02:00 DEBUG 99021 --- [lets-play] [  restartedMain] c.e.lets_play.config.RateLimitingFilter  : Filter 'rateLimitingFilter' configured for use
2025-10-06T10:28:49.047+02:00 DEBUG 99021 --- [lets-play] [  restartedMain] c.e.lets_play.security.AuthTokenFilter   : Filter 'authenticationJwtTokenFilter' configured for use
2025-10-06T10:28:49.061+02:00  INFO 99021 --- [lets-play] [  restartedMain] o.s.b.d.a.OptionalLiveReloadServer       : LiveReload server is running on port 35729
2025-10-06T10:28:49.124+02:00  INFO 99021 --- [lets-play] [  restartedMain] eAuthenticationProviderManagerConfigurer : Global AuthenticationManager configured with AuthenticationProvider bean with name authenticationProvider
2025-10-06T10:28:49.125+02:00  WARN 99021 --- [lets-play] [  restartedMain] r$InitializeUserDetailsManagerConfigurer : Global AuthenticationManager configured with an AuthenticationProvider bean. UserDetailsService beans will not be used by Spring Security for automatically configuring username/password login. Consider removing the AuthenticationProvider bean. Alternatively, consider using the UserDetailsService in a manually instantiated DaoAuthenticationProvider. If the current configuration is intentional, to turn off this warning, increase the logging level of 'org.springframework.security.config.annotation.authentication.configuration.InitializeUserDetailsBeanManagerConfigurer' to ERROR
2025-10-06T10:28:49.698+02:00 DEBUG 99021 --- [lets-play] [  restartedMain] o.s.s.web.DefaultSecurityFilterChain     : Will secure any request with filters: DisableEncodeUrlFilter, WebAsyncManagerIntegrationFilter, SecurityContextHolderFilter, HeaderWriterFilter, CorsFilter, LogoutFilter, RateLimitingFilter, AuthTokenFilter, RequestCacheAwareFilter, SecurityContextHolderAwareRequestFilter, AnonymousAuthenticationFilter, SessionManagementFilter, ExceptionTranslationFilter, AuthorizationFilter
2025-10-06T10:28:49.958+02:00  INFO 99021 --- [lets-play] [  restartedMain] o.s.b.w.embedded.tomcat.TomcatWebServer  : Tomcat started on port 8080 (http) with context path '/'
2025-10-06T10:28:49.975+02:00  INFO 99021 --- [lets-play] [  restartedMain] c.example.lets_play.LetsPlayApplication  : Started LetsPlayApplication in 3.391 seconds (process running for 3.799)
2025-10-06T10:35:11.797+02:00  INFO 99021 --- [lets-play] [nio-8080-exec-1] o.a.c.c.C.[Tomcat].[localhost].[/]       : Initializing Spring DispatcherServlet 'dispatcherServlet'
2025-10-06T10:35:11.799+02:00  INFO 99021 --- [lets-play] [nio-8080-exec-1] o.s.web.servlet.DispatcherServlet        : Initializing Servlet 'dispatcherServlet'
2025-10-06T10:35:11.803+02:00  INFO 99021 --- [lets-play] [nio-8080-exec-1] o.s.web.servlet.DispatcherServlet        : Completed initialization in 4 ms
2025-10-06T10:35:11.835+02:00 DEBUG 99021 --- [lets-play] [nio-8080-exec-1] o.s.security.web.FilterChainProxy        : Securing GET /api/products
2025-10-06T10:35:11.842+02:00 DEBUG 99021 --- [lets-play] [nio-8080-exec-1] o.s.s.w.a.AnonymousAuthenticationFilter  : Set SecurityContextHolder to anonymous SecurityContext
2025-10-06T10:35:11.845+02:00 DEBUG 99021 --- [lets-play] [nio-8080-exec-1] o.s.security.web.FilterChainProxy        : Secured GET /api/products
2025-10-06T10:35:11.961+02:00 DEBUG 99021 --- [lets-play] [nio-8080-exec-2] o.s.security.web.FilterChainProxy        : Securing GET /api/products
2025-10-06T10:35:11.963+02:00 DEBUG 99021 --- [lets-play] [nio-8080-exec-2] o.s.s.w.a.AnonymousAuthenticationFilter  : Set SecurityContextHolder to anonymous SecurityContext
2025-10-06T10:35:11.963+02:00 DEBUG 99021 --- [lets-play] [nio-8080-exec-2] o.s.security.web.FilterChainProxy        : Secured GET /api/products
2025-10-06T10:35:12.061+02:00 DEBUG 99021 --- [lets-play] [nio-8080-exec-4] o.s.security.web.FilterChainProxy        : Securing GET /api/products
2025-10-06T10:35:12.064+02:00 DEBUG 99021 --- [lets-play] [nio-8080-exec-4] o.s.s.w.a.AnonymousAuthenticationFilter  : Set SecurityContextHolder to anonymous SecurityContext
2025-10-06T10:35:12.067+02:00 DEBUG 99021 --- [lets-play] [nio-8080-exec-4] o.s.security.web.FilterChainProxy        : Secured GET /api/products
2025-10-06T10:35:12.125+02:00 DEBUG 99021 --- [lets-play] [nio-8080-exec-6] o.s.security.web.FilterChainProxy        : Securing GET /api/products/68de7c8026420263efce6296
2025-10-06T10:35:12.126+02:00 DEBUG 99021 --- [lets-play] [nio-8080-exec-6] o.s.s.w.a.AnonymousAuthenticationFilter  : Set SecurityContextHolder to anonymous SecurityContext
2025-10-06T10:35:12.128+02:00 DEBUG 99021 --- [lets-play] [nio-8080-exec-6] o.s.security.web.FilterChainProxy        : Secured GET /api/products/68de7c8026420263efce6296
2025-10-06T10:35:12.248+02:00 DEBUG 99021 --- [lets-play] [nio-8080-exec-8] o.s.security.web.FilterChainProxy        : Securing POST /api/auth/signup
2025-10-06T10:35:12.251+02:00 DEBUG 99021 --- [lets-play] [nio-8080-exec-8] o.s.s.w.a.AnonymousAuthenticationFilter  : Set SecurityContextHolder to anonymous SecurityContext
2025-10-06T10:35:12.252+02:00 DEBUG 99021 --- [lets-play] [nio-8080-exec-8] o.s.security.web.FilterChainProxy        : Secured POST /api/auth/signup
2025-10-06T10:35:12.564+02:00 DEBUG 99021 --- [lets-play] [io-8080-exec-10] o.s.security.web.FilterChainProxy        : Securing POST /api/auth/signin
2025-10-06T10:35:12.564+02:00 DEBUG 99021 --- [lets-play] [io-8080-exec-10] o.s.s.w.a.AnonymousAuthenticationFilter  : Set SecurityContextHolder to anonymous SecurityContext
2025-10-06T10:35:12.564+02:00 DEBUG 99021 --- [lets-play] [io-8080-exec-10] o.s.security.web.FilterChainProxy        : Secured POST /api/auth/signin
2025-10-06T10:35:12.966+02:00 DEBUG 99021 --- [lets-play] [io-8080-exec-10] o.s.s.a.dao.DaoAuthenticationProvider    : Authenticated user
2025-10-06T10:35:13.031+02:00 DEBUG 99021 --- [lets-play] [nio-8080-exec-1] o.s.security.web.FilterChainProxy        : Securing POST /api/auth/signin
2025-10-06T10:35:13.032+02:00 DEBUG 99021 --- [lets-play] [nio-8080-exec-1] o.s.s.w.a.AnonymousAuthenticationFilter  : Set SecurityContextHolder to anonymous SecurityContext
2025-10-06T10:35:13.033+02:00 DEBUG 99021 --- [lets-play] [nio-8080-exec-1] o.s.security.web.FilterChainProxy        : Secured POST /api/auth/signin
2025-10-06T10:35:13.279+02:00 DEBUG 99021 --- [lets-play] [nio-8080-exec-1] o.s.s.a.dao.DaoAuthenticationProvider    : Authenticated user
2025-10-06T10:35:13.314+02:00 DEBUG 99021 --- [lets-play] [nio-8080-exec-3] o.s.security.web.FilterChainProxy        : Securing POST /api/products
2025-10-06T10:35:13.340+02:00 DEBUG 99021 --- [lets-play] [nio-8080-exec-3] o.s.security.web.FilterChainProxy        : Secured POST /api/products
2025-10-06T10:35:13.384+02:00 DEBUG 99021 --- [lets-play] [nio-8080-exec-5] o.s.security.web.FilterChainProxy        : Securing POST /api/products
2025-10-06T10:35:13.406+02:00 DEBUG 99021 --- [lets-play] [nio-8080-exec-5] o.s.security.web.FilterChainProxy        : Secured POST /api/products
2025-10-06T10:35:13.463+02:00 DEBUG 99021 --- [lets-play] [nio-8080-exec-7] o.s.security.web.FilterChainProxy        : Securing PUT /api/products/68e37f41787a77466dc00c8b
2025-10-06T10:35:13.473+02:00 DEBUG 99021 --- [lets-play] [nio-8080-exec-7] o.s.security.web.FilterChainProxy        : Secured PUT /api/products/68e37f41787a77466dc00c8b
2025-10-06T10:35:13.555+02:00 DEBUG 99021 --- [lets-play] [nio-8080-exec-8] o.s.security.web.FilterChainProxy        : Securing DELETE /api/products/68e37f41787a77466dc00c8b
2025-10-06T10:35:13.563+02:00 DEBUG 99021 --- [lets-play] [nio-8080-exec-8] o.s.security.web.FilterChainProxy        : Secured DELETE /api/products/68e37f41787a77466dc00c8b
2025-10-06T10:35:13.619+02:00 DEBUG 99021 --- [lets-play] [io-8080-exec-10] o.s.security.web.FilterChainProxy        : Securing POST /api/products
2025-10-06T10:35:13.621+02:00 DEBUG 99021 --- [lets-play] [io-8080-exec-10] o.s.s.w.a.AnonymousAuthenticationFilter  : Set SecurityContextHolder to anonymous SecurityContext
2025-10-06T10:35:13.621+02:00 DEBUG 99021 --- [lets-play] [io-8080-exec-10] o.s.security.web.FilterChainProxy        : Secured POST /api/products
2025-10-06T10:35:13.644+02:00 DEBUG 99021 --- [lets-play] [nio-8080-exec-2] o.s.security.web.FilterChainProxy        : Securing POST /api/auth/signup
2025-10-06T10:35:13.646+02:00 DEBUG 99021 --- [lets-play] [nio-8080-exec-2] o.s.s.w.a.AnonymousAuthenticationFilter  : Set SecurityContextHolder to anonymous SecurityContext
2025-10-06T10:35:13.647+02:00 DEBUG 99021 --- [lets-play] [nio-8080-exec-2] o.s.security.web.FilterChainProxy        : Secured POST /api/auth/signup
2025-10-06T10:35:13.697+02:00  WARN 99021 --- [lets-play] [nio-8080-exec-2] .w.s.m.s.DefaultHandlerExceptionResolver : Resolved [org.springframework.web.bind.MethodArgumentNotValidException: Validation failed for argument [0] in public org.springframework.http.ResponseEntity<?> com.example.lets_play.controller.AuthController.registerUser(com.example.lets_play.dto.UserCreateRequest): [Field error in object 'userCreateRequest' on field 'email': rejected value [invalid-email]; codes [Email.userCreateRequest.email,Email.email,Email.java.lang.String,Email]; arguments [org.springframework.context.support.DefaultMessageSourceResolvable: codes [userCreateRequest.email,email]; arguments []; default message [email],[Ljakarta.validation.constraints.Pattern$Flag;@69f0a58c,.*]; default message [Email should be valid]] ]
2025-10-06T10:35:13.718+02:00 DEBUG 99021 --- [lets-play] [nio-8080-exec-2] o.s.security.web.FilterChainProxy        : Securing POST /error
2025-10-06T10:35:13.721+02:00 DEBUG 99021 --- [lets-play] [nio-8080-exec-2] o.s.security.web.FilterChainProxy        : Secured POST /error
2025-10-06T10:35:13.761+02:00 DEBUG 99021 --- [lets-play] [nio-8080-exec-2] o.s.s.w.a.AnonymousAuthenticationFilter  : Set SecurityContextHolder to anonymous SecurityContext
2025-10-06T10:35:13.791+02:00 DEBUG 99021 --- [lets-play] [nio-8080-exec-3] o.s.security.web.FilterChainProxy        : Securing POST /api/auth/signup
2025-10-06T10:35:13.792+02:00 DEBUG 99021 --- [lets-play] [nio-8080-exec-3] o.s.s.w.a.AnonymousAuthenticationFilter  : Set SecurityContextHolder to anonymous SecurityContext
2025-10-06T10:35:13.793+02:00 DEBUG 99021 --- [lets-play] [nio-8080-exec-3] o.s.security.web.FilterChainProxy        : Secured POST /api/auth/signup
2025-10-06T10:35:13.803+02:00  WARN 99021 --- [lets-play] [nio-8080-exec-3] .w.s.m.s.DefaultHandlerExceptionResolver : Resolved [org.springframework.web.bind.MethodArgumentNotValidException: Validation failed for argument [0] in public org.springframework.http.ResponseEntity<?> com.example.lets_play.controller.AuthController.registerUser(com.example.lets_play.dto.UserCreateRequest): [Field error in object 'userCreateRequest' on field 'password': rejected value [123]; codes [Size.userCreateRequest.password,Size.password,Size.java.lang.String,Size]; arguments [org.springframework.context.support.DefaultMessageSourceResolvable: codes [userCreateRequest.password,password]; arguments []; default message [password],2147483647,6]; default message [Password must be at least 6 characters]] ]
2025-10-06T10:35:13.807+02:00 DEBUG 99021 --- [lets-play] [nio-8080-exec-3] o.s.security.web.FilterChainProxy        : Securing POST /error
2025-10-06T10:35:13.809+02:00 DEBUG 99021 --- [lets-play] [nio-8080-exec-3] o.s.security.web.FilterChainProxy        : Secured POST /error
2025-10-06T10:35:13.829+02:00 DEBUG 99021 --- [lets-play] [nio-8080-exec-3] o.s.s.w.a.AnonymousAuthenticationFilter  : Set SecurityContextHolder to anonymous SecurityContext
2025-10-06T10:35:13.884+02:00 DEBUG 99021 --- [lets-play] [nio-8080-exec-4] o.s.security.web.FilterChainProxy        : Securing GET /api/products
2025-10-06T10:35:13.885+02:00 DEBUG 99021 --- [lets-play] [nio-8080-exec-4] o.s.s.w.a.AnonymousAuthenticationFilter  : Set SecurityContextHolder to anonymous SecurityContext
2025-10-06T10:35:13.885+02:00 DEBUG 99021 --- [lets-play] [nio-8080-exec-4] o.s.security.web.FilterChainProxy        : Secured GET /api/products
2025-10-06T10:35:13.997+02:00 DEBUG 99021 --- [lets-play] [nio-8080-exec-6] o.s.security.web.FilterChainProxy        : Securing GET /api/products
2025-10-06T10:35:13.997+02:00 DEBUG 99021 --- [lets-play] [nio-8080-exec-6] o.s.s.w.a.AnonymousAuthenticationFilter  : Set SecurityContextHolder to anonymous SecurityContext
2025-10-06T10:35:13.997+02:00 DEBUG 99021 --- [lets-play] [nio-8080-exec-6] o.s.security.web.FilterChainProxy        : Secured GET /api/products
2025-10-06T10:35:14.115+02:00 DEBUG 99021 --- [lets-play] [nio-8080-exec-8] o.s.security.web.FilterChainProxy        : Securing GET /api/products
2025-10-06T10:35:14.117+02:00 DEBUG 99021 --- [lets-play] [nio-8080-exec-8] o.s.s.w.a.AnonymousAuthenticationFilter  : Set SecurityContextHolder to anonymous SecurityContext
2025-10-06T10:35:14.118+02:00 DEBUG 99021 --- [lets-play] [nio-8080-exec-8] o.s.security.web.FilterChainProxy        : Secured GET /api/products
2025-10-06T10:35:14.223+02:00 DEBUG 99021 --- [lets-play] [nio-8080-exec-9] o.s.security.web.FilterChainProxy        : Securing GET /api/products
2025-10-06T10:35:14.224+02:00 DEBUG 99021 --- [lets-play] [nio-8080-exec-9] o.s.s.w.a.AnonymousAuthenticationFilter  : Set SecurityContextHolder to anonymous SecurityContext
2025-10-06T10:35:14.225+02:00 DEBUG 99021 --- [lets-play] [nio-8080-exec-9] o.s.security.web.FilterChainProxy        : Secured GET /api/products
2025-10-06T10:35:14.306+02:00 DEBUG 99021 --- [lets-play] [io-8080-exec-10] o.s.security.web.FilterChainProxy        : Securing GET /api/products
2025-10-06T10:35:14.306+02:00 DEBUG 99021 --- [lets-play] [io-8080-exec-10] o.s.s.w.a.AnonymousAuthenticationFilter  : Set SecurityContextHolder to anonymous SecurityContext
2025-10-06T10:35:14.306+02:00 DEBUG 99021 --- [lets-play] [io-8080-exec-10] o.s.security.web.FilterChainProxy        : Secured GET /api/products
2025-10-06T10:35:14.401+02:00 DEBUG 99021 --- [lets-play] [nio-8080-exec-2] o.s.security.web.FilterChainProxy        : Securing GET /api/products
2025-10-06T10:35:14.403+02:00 DEBUG 99021 --- [lets-play] [nio-8080-exec-2] o.s.s.w.a.AnonymousAuthenticationFilter  : Set SecurityContextHolder to anonymous SecurityContext
2025-10-06T10:35:14.404+02:00 DEBUG 99021 --- [lets-play] [nio-8080-exec-2] o.s.security.web.FilterChainProxy        : Secured GET /api/products
2025-10-06T10:35:14.515+02:00 DEBUG 99021 --- [lets-play] [nio-8080-exec-4] o.s.security.web.FilterChainProxy        : Securing GET /api/products
2025-10-06T10:35:14.516+02:00 DEBUG 99021 --- [lets-play] [nio-8080-exec-4] o.s.s.w.a.AnonymousAuthenticationFilter  : Set SecurityContextHolder to anonymous SecurityContext
2025-10-06T10:35:14.517+02:00 DEBUG 99021 --- [lets-play] [nio-8080-exec-4] o.s.security.web.FilterChainProxy        : Secured GET /api/products
2025-10-06T10:35:14.629+02:00 DEBUG 99021 --- [lets-play] [nio-8080-exec-6] o.s.security.web.FilterChainProxy        : Securing GET /api/products
2025-10-06T10:35:14.630+02:00 DEBUG 99021 --- [lets-play] [nio-8080-exec-6] o.s.s.w.a.AnonymousAuthenticationFilter  : Set SecurityContextHolder to anonymous SecurityContext
2025-10-06T10:35:14.631+02:00 DEBUG 99021 --- [lets-play] [nio-8080-exec-6] o.s.security.web.FilterChainProxy        : Secured GET /api/products
2025-10-06T10:35:14.739+02:00 DEBUG 99021 --- [lets-play] [nio-8080-exec-8] o.s.security.web.FilterChainProxy        : Securing GET /api/products
2025-10-06T10:35:14.741+02:00 DEBUG 99021 --- [lets-play] [nio-8080-exec-8] o.s.s.w.a.AnonymousAuthenticationFilter  : Set SecurityContextHolder to anonymous SecurityContext
2025-10-06T10:35:14.742+02:00 DEBUG 99021 --- [lets-play] [nio-8080-exec-8] o.s.security.web.FilterChainProxy        : Secured GET /api/products
2025-10-06T10:35:14.847+02:00 DEBUG 99021 --- [lets-play] [io-8080-exec-10] o.s.security.web.FilterChainProxy        : Securing GET /api/products
2025-10-06T10:35:14.848+02:00 DEBUG 99021 --- [lets-play] [io-8080-exec-10] o.s.s.w.a.AnonymousAuthenticationFilter  : Set SecurityContextHolder to anonymous SecurityContext
2025-10-06T10:35:14.849+02:00 DEBUG 99021 --- [lets-play] [io-8080-exec-10] o.s.security.web.FilterChainProxy        : Secured GET /api/products
2025-10-06T10:35:14.952+02:00 DEBUG 99021 --- [lets-play] [nio-8080-exec-2] o.s.security.web.FilterChainProxy        : Securing GET /api/products
2025-10-06T10:35:14.953+02:00 DEBUG 99021 --- [lets-play] [nio-8080-exec-2] o.s.s.w.a.AnonymousAuthenticationFilter  : Set SecurityContextHolder to anonymous SecurityContext
2025-10-06T10:35:14.953+02:00 DEBUG 99021 --- [lets-play] [nio-8080-exec-2] o.s.security.web.FilterChainProxy        : Secured GET /api/products
2025-10-06T10:35:15.065+02:00 DEBUG 99021 --- [lets-play] [nio-8080-exec-4] o.s.security.web.FilterChainProxy        : Securing GET /api/products
2025-10-06T10:35:15.066+02:00 DEBUG 99021 --- [lets-play] [nio-8080-exec-4] o.s.s.w.a.AnonymousAuthenticationFilter  : Set SecurityContextHolder to anonymous SecurityContext
2025-10-06T10:35:15.067+02:00 DEBUG 99021 --- [lets-play] [nio-8080-exec-4] o.s.security.web.FilterChainProxy        : Secured GET /api/products
2025-10-06T10:35:15.192+02:00 DEBUG 99021 --- [lets-play] [nio-8080-exec-6] o.s.security.web.FilterChainProxy        : Securing GET /api/products
2025-10-06T10:35:15.193+02:00 DEBUG 99021 --- [lets-play] [nio-8080-exec-6] o.s.s.w.a.AnonymousAuthenticationFilter  : Set SecurityContextHolder to anonymous SecurityContext
2025-10-06T10:35:15.194+02:00 DEBUG 99021 --- [lets-play] [nio-8080-exec-6] o.s.security.web.FilterChainProxy        : Secured GET /api/products
2025-10-06T10:35:15.300+02:00 DEBUG 99021 --- [lets-play] [nio-8080-exec-8] o.s.security.web.FilterChainProxy        : Securing GET /api/products
2025-10-06T10:35:15.301+02:00 DEBUG 99021 --- [lets-play] [nio-8080-exec-8] o.s.s.w.a.AnonymousAuthenticationFilter  : Set SecurityContextHolder to anonymous SecurityContext
2025-10-06T10:35:15.301+02:00 DEBUG 99021 --- [lets-play] [nio-8080-exec-8] o.s.security.web.FilterChainProxy        : Secured GET /api/products
2025-10-06T10:35:15.410+02:00 DEBUG 99021 --- [lets-play] [io-8080-exec-10] o.s.security.web.FilterChainProxy        : Securing GET /api/products
2025-10-06T10:35:15.411+02:00 DEBUG 99021 --- [lets-play] [io-8080-exec-10] o.s.s.w.a.AnonymousAuthenticationFilter  : Set SecurityContextHolder to anonymous SecurityContext
2025-10-06T10:35:15.412+02:00 DEBUG 99021 --- [lets-play] [io-8080-exec-10] o.s.security.web.FilterChainProxy        : Secured GET /api/products
2025-10-06T10:35:15.511+02:00 DEBUG 99021 --- [lets-play] [nio-8080-exec-2] o.s.security.web.FilterChainProxy        : Securing GET /api/products
2025-10-06T10:35:15.512+02:00 DEBUG 99021 --- [lets-play] [nio-8080-exec-2] o.s.s.w.a.AnonymousAuthenticationFilter  : Set SecurityContextHolder to anonymous SecurityContext
2025-10-06T10:35:15.512+02:00 DEBUG 99021 --- [lets-play] [nio-8080-exec-2] o.s.security.web.FilterChainProxy        : Secured GET /api/products
2025-10-06T10:35:15.625+02:00 DEBUG 99021 --- [lets-play] [nio-8080-exec-4] o.s.security.web.FilterChainProxy        : Securing GET /api/products
2025-10-06T10:35:15.627+02:00 DEBUG 99021 --- [lets-play] [nio-8080-exec-4] o.s.s.w.a.AnonymousAuthenticationFilter  : Set SecurityContextHolder to anonymous SecurityContext
2025-10-06T10:35:15.627+02:00 DEBUG 99021 --- [lets-play] [nio-8080-exec-4] o.s.security.web.FilterChainProxy        : Secured GET /api/products
2025-10-06T10:35:15.738+02:00 DEBUG 99021 --- [lets-play] [nio-8080-exec-6] o.s.security.web.FilterChainProxy        : Securing GET /api/products
2025-10-06T10:35:15.739+02:00 DEBUG 99021 --- [lets-play] [nio-8080-exec-6] o.s.s.w.a.AnonymousAuthenticationFilter  : Set SecurityContextHolder to anonymous SecurityContext
2025-10-06T10:35:15.761+02:00 DEBUG 99021 --- [lets-play] [nio-8080-exec-6] o.s.security.web.FilterChainProxy        : Secured GET /api/products
2025-10-06T10:35:15.864+02:00 DEBUG 99021 --- [lets-play] [nio-8080-exec-7] o.s.security.web.FilterChainProxy        : Securing GET /api/products
2025-10-06T10:35:15.866+02:00 DEBUG 99021 --- [lets-play] [nio-8080-exec-7] o.s.s.w.a.AnonymousAuthenticationFilter  : Set SecurityContextHolder to anonymous SecurityContext
2025-10-06T10:35:15.867+02:00 DEBUG 99021 --- [lets-play] [nio-8080-exec-7] o.s.security.web.FilterChainProxy        : Secured GET /api/products
2025-10-06T10:35:15.993+02:00 DEBUG 99021 --- [lets-play] [nio-8080-exec-9] o.s.security.web.FilterChainProxy        : Securing GET /api/products
2025-10-06T10:35:15.995+02:00 DEBUG 99021 --- [lets-play] [nio-8080-exec-9] o.s.s.w.a.AnonymousAuthenticationFilter  : Set SecurityContextHolder to anonymous SecurityContext
2025-10-06T10:35:15.996+02:00 DEBUG 99021 --- [lets-play] [nio-8080-exec-9] o.s.security.web.FilterChainProxy        : Secured GET /api/products
2025-10-06T10:35:16.132+02:00 DEBUG 99021 --- [lets-play] [nio-8080-exec-1] o.s.security.web.FilterChainProxy        : Securing GET /api/products
2025-10-06T10:35:16.134+02:00 DEBUG 99021 --- [lets-play] [nio-8080-exec-1] o.s.s.w.a.AnonymousAuthenticationFilter  : Set SecurityContextHolder to anonymous SecurityContext
2025-10-06T10:35:16.137+02:00 DEBUG 99021 --- [lets-play] [nio-8080-exec-1] o.s.security.web.FilterChainProxy        : Secured GET /api/products
2025-10-06T10:35:16.253+02:00 DEBUG 99021 --- [lets-play] [nio-8080-exec-3] o.s.security.web.FilterChainProxy        : Securing GET /api/products
2025-10-06T10:35:16.254+02:00 DEBUG 99021 --- [lets-play] [nio-8080-exec-3] o.s.s.w.a.AnonymousAuthenticationFilter  : Set SecurityContextHolder to anonymous SecurityContext
2025-10-06T10:35:16.255+02:00 DEBUG 99021 --- [lets-play] [nio-8080-exec-3] o.s.security.web.FilterChainProxy        : Secured GET /api/products
2025-10-06T10:35:16.366+02:00 DEBUG 99021 --- [lets-play] [nio-8080-exec-5] o.s.security.web.FilterChainProxy        : Securing GET /api/products
2025-10-06T10:35:16.367+02:00 DEBUG 99021 --- [lets-play] [nio-8080-exec-5] o.s.s.w.a.AnonymousAuthenticationFilter  : Set SecurityContextHolder to anonymous SecurityContext
2025-10-06T10:35:16.367+02:00 DEBUG 99021 --- [lets-play] [nio-8080-exec-5] o.s.security.web.FilterChainProxy        : Secured GET /api/products
2025-10-06T10:35:16.470+02:00 DEBUG 99021 --- [lets-play] [nio-8080-exec-7] o.s.security.web.FilterChainProxy        : Securing GET /api/products
2025-10-06T10:35:16.471+02:00 DEBUG 99021 --- [lets-play] [nio-8080-exec-7] o.s.s.w.a.AnonymousAuthenticationFilter  : Set SecurityContextHolder to anonymous SecurityContext
2025-10-06T10:35:16.471+02:00 DEBUG 99021 --- [lets-play] [nio-8080-exec-7] o.s.security.web.FilterChainProxy        : Secured GET /api/products
2025-10-06T10:35:16.573+02:00 DEBUG 99021 --- [lets-play] [nio-8080-exec-9] o.s.security.web.FilterChainProxy        : Securing GET /api/products
2025-10-06T10:35:16.574+02:00 DEBUG 99021 --- [lets-play] [nio-8080-exec-9] o.s.s.w.a.AnonymousAuthenticationFilter  : Set SecurityContextHolder to anonymous SecurityContext
2025-10-06T10:35:16.575+02:00 DEBUG 99021 --- [lets-play] [nio-8080-exec-9] o.s.security.web.FilterChainProxy        : Secured GET /api/products
2025-10-06T10:35:16.686+02:00 DEBUG 99021 --- [lets-play] [nio-8080-exec-1] o.s.security.web.FilterChainProxy        : Securing GET /api/products
2025-10-06T10:35:16.688+02:00 DEBUG 99021 --- [lets-play] [nio-8080-exec-1] o.s.s.w.a.AnonymousAuthenticationFilter  : Set SecurityContextHolder to anonymous SecurityContext
2025-10-06T10:35:16.689+02:00 DEBUG 99021 --- [lets-play] [nio-8080-exec-1] o.s.security.web.FilterChainProxy        : Secured GET /api/products
2025-10-06T10:35:16.805+02:00 DEBUG 99021 --- [lets-play] [nio-8080-exec-3] o.s.security.web.FilterChainProxy        : Securing GET /api/products
2025-10-06T10:35:16.807+02:00 DEBUG 99021 --- [lets-play] [nio-8080-exec-3] o.s.s.w.a.AnonymousAuthenticationFilter  : Set SecurityContextHolder to anonymous SecurityContext
2025-10-06T10:35:16.808+02:00 DEBUG 99021 --- [lets-play] [nio-8080-exec-3] o.s.security.web.FilterChainProxy        : Secured GET /api/products
2025-10-06T10:35:16.914+02:00 DEBUG 99021 --- [lets-play] [nio-8080-exec-5] o.s.security.web.FilterChainProxy        : Securing GET /api/products
2025-10-06T10:35:16.915+02:00 DEBUG 99021 --- [lets-play] [nio-8080-exec-5] o.s.s.w.a.AnonymousAuthenticationFilter  : Set SecurityContextHolder to anonymous SecurityContext
2025-10-06T10:35:16.915+02:00 DEBUG 99021 --- [lets-play] [nio-8080-exec-5] o.s.security.web.FilterChainProxy        : Secured GET /api/products
2025-10-06T10:35:17.021+02:00 DEBUG 99021 --- [lets-play] [nio-8080-exec-7] o.s.security.web.FilterChainProxy        : Securing GET /api/products
2025-10-06T10:35:17.022+02:00 DEBUG 99021 --- [lets-play] [nio-8080-exec-7] o.s.s.w.a.AnonymousAuthenticationFilter  : Set SecurityContextHolder to anonymous SecurityContext
2025-10-06T10:35:17.023+02:00 DEBUG 99021 --- [lets-play] [nio-8080-exec-7] o.s.security.web.FilterChainProxy        : Secured GET /api/products
2025-10-06T10:35:17.134+02:00 DEBUG 99021 --- [lets-play] [nio-8080-exec-9] o.s.security.web.FilterChainProxy        : Securing GET /api/products
2025-10-06T10:35:17.136+02:00 DEBUG 99021 --- [lets-play] [nio-8080-exec-9] o.s.s.w.a.AnonymousAuthenticationFilter  : Set SecurityContextHolder to anonymous SecurityContext
2025-10-06T10:35:17.137+02:00 DEBUG 99021 --- [lets-play] [nio-8080-exec-9] o.s.security.web.FilterChainProxy        : Secured GET /api/products
2025-10-06T10:35:17.248+02:00 DEBUG 99021 --- [lets-play] [nio-8080-exec-1] o.s.security.web.FilterChainProxy        : Securing GET /api/products
2025-10-06T10:35:17.249+02:00 DEBUG 99021 --- [lets-play] [nio-8080-exec-1] o.s.s.w.a.AnonymousAuthenticationFilter  : Set SecurityContextHolder to anonymous SecurityContext
2025-10-06T10:35:17.250+02:00 DEBUG 99021 --- [lets-play] [nio-8080-exec-1] o.s.security.web.FilterChainProxy        : Secured GET /api/products
2025-10-06T10:35:17.368+02:00 DEBUG 99021 --- [lets-play] [nio-8080-exec-3] o.s.security.web.FilterChainProxy        : Securing GET /api/products
2025-10-06T10:35:17.369+02:00 DEBUG 99021 --- [lets-play] [nio-8080-exec-3] o.s.s.w.a.AnonymousAuthenticationFilter  : Set SecurityContextHolder to anonymous SecurityContext
2025-10-06T10:35:17.370+02:00 DEBUG 99021 --- [lets-play] [nio-8080-exec-3] o.s.security.web.FilterChainProxy        : Secured GET /api/products
2025-10-06T10:35:17.477+02:00 DEBUG 99021 --- [lets-play] [nio-8080-exec-5] o.s.security.web.FilterChainProxy        : Securing GET /api/products
2025-10-06T10:35:17.478+02:00 DEBUG 99021 --- [lets-play] [nio-8080-exec-5] o.s.s.w.a.AnonymousAuthenticationFilter  : Set SecurityContextHolder to anonymous SecurityContext
2025-10-06T10:35:17.478+02:00 DEBUG 99021 --- [lets-play] [nio-8080-exec-5] o.s.security.web.FilterChainProxy        : Secured GET /api/products
2025-10-06T10:35:17.584+02:00 DEBUG 99021 --- [lets-play] [nio-8080-exec-7] o.s.security.web.FilterChainProxy        : Securing GET /api/products
2025-10-06T10:35:17.586+02:00 DEBUG 99021 --- [lets-play] [nio-8080-exec-7] o.s.s.w.a.AnonymousAuthenticationFilter  : Set SecurityContextHolder to anonymous SecurityContext
2025-10-06T10:35:17.587+02:00 DEBUG 99021 --- [lets-play] [nio-8080-exec-7] o.s.security.web.FilterChainProxy        : Secured GET /api/products
2025-10-06T10:35:17.690+02:00 DEBUG 99021 --- [lets-play] [nio-8080-exec-9] o.s.security.web.FilterChainProxy        : Securing GET /api/products
2025-10-06T10:35:17.691+02:00 DEBUG 99021 --- [lets-play] [nio-8080-exec-9] o.s.s.w.a.AnonymousAuthenticationFilter  : Set SecurityContextHolder to anonymous SecurityContext
2025-10-06T10:35:17.691+02:00 DEBUG 99021 --- [lets-play] [nio-8080-exec-9] o.s.security.web.FilterChainProxy        : Secured GET /api/products
2025-10-06T10:35:17.799+02:00 DEBUG 99021 --- [lets-play] [nio-8080-exec-1] o.s.security.web.FilterChainProxy        : Securing GET /api/products
2025-10-06T10:35:17.801+02:00 DEBUG 99021 --- [lets-play] [nio-8080-exec-1] o.s.s.w.a.AnonymousAuthenticationFilter  : Set SecurityContextHolder to anonymous SecurityContext
2025-10-06T10:35:17.802+02:00 DEBUG 99021 --- [lets-play] [nio-8080-exec-1] o.s.security.web.FilterChainProxy        : Secured GET /api/products
2025-10-06T10:35:17.917+02:00 DEBUG 99021 --- [lets-play] [nio-8080-exec-3] o.s.security.web.FilterChainProxy        : Securing GET /api/products
2025-10-06T10:35:17.918+02:00 DEBUG 99021 --- [lets-play] [nio-8080-exec-3] o.s.s.w.a.AnonymousAuthenticationFilter  : Set SecurityContextHolder to anonymous SecurityContext
2025-10-06T10:35:17.918+02:00 DEBUG 99021 --- [lets-play] [nio-8080-exec-3] o.s.security.web.FilterChainProxy        : Secured GET /api/products
2025-10-06T10:35:18.036+02:00 DEBUG 99021 --- [lets-play] [nio-8080-exec-5] o.s.security.web.FilterChainProxy        : Securing GET /api/products
2025-10-06T10:35:18.038+02:00 DEBUG 99021 --- [lets-play] [nio-8080-exec-5] o.s.s.w.a.AnonymousAuthenticationFilter  : Set SecurityContextHolder to anonymous SecurityContext
2025-10-06T10:35:18.039+02:00 DEBUG 99021 --- [lets-play] [nio-8080-exec-5] o.s.security.web.FilterChainProxy        : Secured GET /api/products
2025-10-06T10:35:18.148+02:00 DEBUG 99021 --- [lets-play] [nio-8080-exec-7] o.s.security.web.FilterChainProxy        : Securing GET /api/products
2025-10-06T10:35:18.149+02:00 DEBUG 99021 --- [lets-play] [nio-8080-exec-7] o.s.s.w.a.AnonymousAuthenticationFilter  : Set SecurityContextHolder to anonymous SecurityContext
2025-10-06T10:35:18.150+02:00 DEBUG 99021 --- [lets-play] [nio-8080-exec-7] o.s.security.web.FilterChainProxy        : Secured GET /api/products
2025-10-06T10:35:18.247+02:00 DEBUG 99021 --- [lets-play] [nio-8080-exec-8] o.s.security.web.FilterChainProxy        : Securing GET /api/products
2025-10-06T10:35:18.248+02:00 DEBUG 99021 --- [lets-play] [nio-8080-exec-8] o.s.s.w.a.AnonymousAuthenticationFilter  : Set SecurityContextHolder to anonymous SecurityContext
2025-10-06T10:35:18.249+02:00 DEBUG 99021 --- [lets-play] [nio-8080-exec-8] o.s.security.web.FilterChainProxy        : Secured GET /api/products
2025-10-06T10:35:18.331+02:00 DEBUG 99021 --- [lets-play] [io-8080-exec-10] o.s.security.web.FilterChainProxy        : Securing GET /api/products
2025-10-06T10:35:18.332+02:00 DEBUG 99021 --- [lets-play] [io-8080-exec-10] o.s.s.w.a.AnonymousAuthenticationFilter  : Set SecurityContextHolder to anonymous SecurityContext
2025-10-06T10:35:18.332+02:00 DEBUG 99021 --- [lets-play] [io-8080-exec-10] o.s.security.web.FilterChainProxy        : Secured GET /api/products
2025-10-06T10:35:18.409+02:00 DEBUG 99021 --- [lets-play] [nio-8080-exec-1] o.s.security.web.FilterChainProxy        : Securing GET /api/products
2025-10-06T10:35:18.411+02:00 DEBUG 99021 --- [lets-play] [nio-8080-exec-1] o.s.s.w.a.AnonymousAuthenticationFilter  : Set SecurityContextHolder to anonymous SecurityContext
2025-10-06T10:35:18.411+02:00 DEBUG 99021 --- [lets-play] [nio-8080-exec-1] o.s.security.web.FilterChainProxy        : Secured GET /api/products
2025-10-06T10:35:18.508+02:00 DEBUG 99021 --- [lets-play] [nio-8080-exec-3] o.s.security.web.FilterChainProxy        : Securing GET /api/products
2025-10-06T10:35:18.509+02:00 DEBUG 99021 --- [lets-play] [nio-8080-exec-3] o.s.s.w.a.AnonymousAuthenticationFilter  : Set SecurityContextHolder to anonymous SecurityContext
2025-10-06T10:35:18.509+02:00 DEBUG 99021 --- [lets-play] [nio-8080-exec-3] o.s.security.web.FilterChainProxy        : Secured GET /api/products
2025-10-06T10:35:18.609+02:00 DEBUG 99021 --- [lets-play] [nio-8080-exec-5] o.s.security.web.FilterChainProxy        : Securing GET /api/products
2025-10-06T10:35:18.610+02:00 DEBUG 99021 --- [lets-play] [nio-8080-exec-5] o.s.s.w.a.AnonymousAuthenticationFilter  : Set SecurityContextHolder to anonymous SecurityContext
2025-10-06T10:35:18.611+02:00 DEBUG 99021 --- [lets-play] [nio-8080-exec-5] o.s.security.web.FilterChainProxy        : Secured GET /api/products
2025-10-06T10:35:18.721+02:00 DEBUG 99021 --- [lets-play] [nio-8080-exec-7] o.s.security.web.FilterChainProxy        : Securing GET /api/products
2025-10-06T10:35:18.722+02:00 DEBUG 99021 --- [lets-play] [nio-8080-exec-7] o.s.s.w.a.AnonymousAuthenticationFilter  : Set SecurityContextHolder to anonymous SecurityContext
2025-10-06T10:35:18.722+02:00 DEBUG 99021 --- [lets-play] [nio-8080-exec-7] o.s.security.web.FilterChainProxy        : Secured GET /api/products
2025-10-06T10:35:18.831+02:00 DEBUG 99021 --- [lets-play] [nio-8080-exec-9] o.s.security.web.FilterChainProxy        : Securing GET /api/products
2025-10-06T10:35:18.833+02:00 DEBUG 99021 --- [lets-play] [nio-8080-exec-9] o.s.s.w.a.AnonymousAuthenticationFilter  : Set SecurityContextHolder to anonymous SecurityContext
2025-10-06T10:35:18.833+02:00 DEBUG 99021 --- [lets-play] [nio-8080-exec-9] o.s.security.web.FilterChainProxy        : Secured GET /api/products
2025-10-06T10:35:18.944+02:00 DEBUG 99021 --- [lets-play] [nio-8080-exec-1] o.s.security.web.FilterChainProxy        : Securing GET /api/products
2025-10-06T10:35:18.945+02:00 DEBUG 99021 --- [lets-play] [nio-8080-exec-1] o.s.s.w.a.AnonymousAuthenticationFilter  : Set SecurityContextHolder to anonymous SecurityContext
2025-10-06T10:35:18.946+02:00 DEBUG 99021 --- [lets-play] [nio-8080-exec-1] o.s.security.web.FilterChainProxy        : Secured GET /api/products
2025-10-06T10:35:19.044+02:00 DEBUG 99021 --- [lets-play] [nio-8080-exec-3] o.s.security.web.FilterChainProxy        : Securing GET /api/products
2025-10-06T10:35:19.045+02:00 DEBUG 99021 --- [lets-play] [nio-8080-exec-3] o.s.s.w.a.AnonymousAuthenticationFilter  : Set SecurityContextHolder to anonymous SecurityContext
2025-10-06T10:35:19.047+02:00 DEBUG 99021 --- [lets-play] [nio-8080-exec-3] o.s.security.web.FilterChainProxy        : Secured GET /api/products
2025-10-06T10:35:19.153+02:00 DEBUG 99021 --- [lets-play] [nio-8080-exec-5] o.s.security.web.FilterChainProxy        : Securing GET /api/products
2025-10-06T10:35:19.156+02:00 DEBUG 99021 --- [lets-play] [nio-8080-exec-5] o.s.s.w.a.AnonymousAuthenticationFilter  : Set SecurityContextHolder to anonymous SecurityContext
2025-10-06T10:35:19.157+02:00 DEBUG 99021 --- [lets-play] [nio-8080-exec-5] o.s.security.web.FilterChainProxy        : Secured GET /api/products
2025-10-06T10:35:19.264+02:00 DEBUG 99021 --- [lets-play] [nio-8080-exec-6] o.s.security.web.FilterChainProxy        : Securing GET /api/products
2025-10-06T10:35:19.266+02:00 DEBUG 99021 --- [lets-play] [nio-8080-exec-6] o.s.s.w.a.AnonymousAuthenticationFilter  : Set SecurityContextHolder to anonymous SecurityContext
2025-10-06T10:35:19.267+02:00 DEBUG 99021 --- [lets-play] [nio-8080-exec-6] o.s.security.web.FilterChainProxy        : Secured GET /api/products
2025-10-06T10:35:19.369+02:00 DEBUG 99021 --- [lets-play] [nio-8080-exec-7] o.s.security.web.FilterChainProxy        : Securing GET /api/products
2025-10-06T10:35:19.370+02:00 DEBUG 99021 --- [lets-play] [nio-8080-exec-7] o.s.s.w.a.AnonymousAuthenticationFilter  : Set SecurityContextHolder to anonymous SecurityContext
2025-10-06T10:35:19.371+02:00 DEBUG 99021 --- [lets-play] [nio-8080-exec-7] o.s.security.web.FilterChainProxy        : Secured GET /api/products
2025-10-06T10:35:19.485+02:00 DEBUG 99021 --- [lets-play] [nio-8080-exec-8] o.s.security.web.FilterChainProxy        : Securing GET /api/products
2025-10-06T10:35:19.487+02:00 DEBUG 99021 --- [lets-play] [nio-8080-exec-8] o.s.s.w.a.AnonymousAuthenticationFilter  : Set SecurityContextHolder to anonymous SecurityContext
2025-10-06T10:35:19.488+02:00 DEBUG 99021 --- [lets-play] [nio-8080-exec-8] o.s.security.web.FilterChainProxy        : Secured GET /api/products
2025-10-06T10:35:19.607+02:00 DEBUG 99021 --- [lets-play] [io-8080-exec-10] o.s.security.web.FilterChainProxy        : Securing GET /api/products
2025-10-06T10:35:19.609+02:00 DEBUG 99021 --- [lets-play] [io-8080-exec-10] o.s.s.w.a.AnonymousAuthenticationFilter  : Set SecurityContextHolder to anonymous SecurityContext
2025-10-06T10:35:19.609+02:00 DEBUG 99021 --- [lets-play] [io-8080-exec-10] o.s.security.web.FilterChainProxy        : Secured GET /api/products
2025-10-06T10:35:19.710+02:00 DEBUG 99021 --- [lets-play] [nio-8080-exec-2] o.s.security.web.FilterChainProxy        : Securing GET /api/products
2025-10-06T10:35:19.711+02:00 DEBUG 99021 --- [lets-play] [nio-8080-exec-2] o.s.s.w.a.AnonymousAuthenticationFilter  : Set SecurityContextHolder to anonymous SecurityContext
2025-10-06T10:35:19.712+02:00 DEBUG 99021 --- [lets-play] [nio-8080-exec-2] o.s.security.web.FilterChainProxy        : Secured GET /api/products
2025-10-06T10:35:19.820+02:00 DEBUG 99021 --- [lets-play] [nio-8080-exec-3] o.s.security.web.FilterChainProxy        : Securing GET /api/products
2025-10-06T10:35:19.864+02:00 DEBUG 99021 --- [lets-play] [nio-8080-exec-5] o.s.security.web.FilterChainProxy        : Securing GET /api/products/nonexistent-id-123456
2025-10-06T10:35:19.865+02:00 DEBUG 99021 --- [lets-play] [nio-8080-exec-5] o.s.s.w.a.AnonymousAuthenticationFilter  : Set SecurityContextHolder to anonymous SecurityContext
2025-10-06T10:35:19.865+02:00 DEBUG 99021 --- [lets-play] [nio-8080-exec-5] o.s.security.web.FilterChainProxy        : Secured GET /api/products/nonexistent-id-123456
2025-10-06T10:35:19.881+02:00  WARN 99021 --- [lets-play] [nio-8080-exec-5] .w.s.m.a.ResponseStatusExceptionResolver : Resolved [com.example.lets_play.exception.ResourceNotFoundException: Product not found with id : 'nonexistent-id-123456']
2025-10-06T10:35:19.885+02:00 DEBUG 99021 --- [lets-play] [nio-8080-exec-5] o.s.security.web.FilterChainProxy        : Securing GET /error
2025-10-06T10:35:19.885+02:00 DEBUG 99021 --- [lets-play] [nio-8080-exec-5] o.s.security.web.FilterChainProxy        : Secured GET /error
2025-10-06T10:35:19.892+02:00 DEBUG 99021 --- [lets-play] [nio-8080-exec-5] o.s.s.w.a.AnonymousAuthenticationFilter  : Set SecurityContextHolder to anonymous SecurityContext
2025-10-06T10:35:19.945+02:00 DEBUG 99021 --- [lets-play] [nio-8080-exec-7] o.s.security.web.FilterChainProxy        : Securing POST /api/auth/signup
2025-10-06T10:35:19.947+02:00 DEBUG 99021 --- [lets-play] [nio-8080-exec-7] o.s.s.w.a.AnonymousAuthenticationFilter  : Set SecurityContextHolder to anonymous SecurityContext
2025-10-06T10:35:19.948+02:00 DEBUG 99021 --- [lets-play] [nio-8080-exec-7] o.s.security.web.FilterChainProxy        : Secured POST /api/auth/signup
2025-10-06T10:35:19.968+02:00  WARN 99021 --- [lets-play] [nio-8080-exec-7] .w.s.m.s.DefaultHandlerExceptionResolver : Resolved [org.springframework.http.converter.HttpMessageNotReadableException: JSON parse error: Unexpected end-of-input within/between Object entries]
2025-10-06T10:35:19.970+02:00 DEBUG 99021 --- [lets-play] [nio-8080-exec-7] o.s.security.web.FilterChainProxy        : Securing POST /error
2025-10-06T10:35:19.971+02:00 DEBUG 99021 --- [lets-play] [nio-8080-exec-7] o.s.security.web.FilterChainProxy        : Secured POST /error
2025-10-06T10:35:19.978+02:00 DEBUG 99021 --- [lets-play] [nio-8080-exec-7] o.s.s.w.a.AnonymousAuthenticationFilter  : Set SecurityContextHolder to anonymous SecurityContext
