nohup: ignoring input

  .   ____          _            __ _ _
 /\\ / ___'_ __ _ _(_)_ __  __ _ \ \ \ \
( ( )\___ | '_ | '_| | '_ \/ _` | \ \ \ \
 \\/  ___)| |_)| | | | | || (_| |  ) ) ) )
  '  |____| .__|_| |_|_| |_\__, | / / / /
 =========|_|==============|___/=/_/_/_/

 :: Spring Boot ::                (v3.5.6)

2025-10-14T14:06:21.004+02:00  INFO 158923 --- [lets-play] [           main] c.example.lets_play.LetsPlayApplication  : Starting LetsPlayApplication v0.0.1-SNAPSHOT using Java 21.0.8 with PID 158923 (/home/zone01student/dev/Java/lets-play/target/lets-play-0.0.1-SNAPSHOT.jar started by zone01student in /home/zone01student/dev/Java/lets-play)
2025-10-14T14:06:21.006+02:00 DEBUG 158923 --- [lets-play] [           main] c.example.lets_play.LetsPlayApplication  : Running with Spring Boot v3.5.6, Spring v6.2.11
2025-10-14T14:06:21.007+02:00  INFO 158923 --- [lets-play] [           main] c.example.lets_play.LetsPlayApplication  : No active profile set, falling back to 1 default profile: "default"
2025-10-14T14:06:21.563+02:00  INFO 158923 --- [lets-play] [           main] .s.d.r.c.RepositoryConfigurationDelegate : Bootstrapping Spring Data MongoDB repositories in DEFAULT mode.
2025-10-14T14:06:21.597+02:00  INFO 158923 --- [lets-play] [           main] .s.d.r.c.RepositoryConfigurationDelegate : Finished Spring Data repository scanning in 30 ms. Found 2 MongoDB repository interfaces.
2025-10-14T14:06:21.920+02:00  INFO 158923 --- [lets-play] [           main] o.s.b.w.embedded.tomcat.TomcatWebServer  : Tomcat initialized with port 8080 (http)
2025-10-14T14:06:21.928+02:00  INFO 158923 --- [lets-play] [           main] o.apache.catalina.core.StandardService   : Starting service [Tomcat]
2025-10-14T14:06:21.928+02:00  INFO 158923 --- [lets-play] [           main] o.apache.catalina.core.StandardEngine    : Starting Servlet engine: [Apache Tomcat/10.1.46]
2025-10-14T14:06:21.944+02:00  INFO 158923 --- [lets-play] [           main] o.a.c.c.C.[Tomcat].[localhost].[/]       : Initializing Spring embedded WebApplicationContext
2025-10-14T14:06:21.945+02:00  INFO 158923 --- [lets-play] [           main] w.s.c.ServletWebServerApplicationContext : Root WebApplicationContext: initialization completed in 885 ms
2025-10-14T14:06:22.057+02:00  INFO 158923 --- [lets-play] [           main] org.mongodb.driver.client                : MongoClient with metadata {"driver": {"name": "mongo-java-driver|sync|spring-boot", "version": "5.5.1"}, "os": {"type": "Linux", "name": "Linux", "architecture": "amd64", "version": "6.14.0-33-generic"}, "platform": "Java/Ubuntu/21.0.8+9-Ubuntu-0ubuntu124.04.1"} created with settings MongoClientSettings{readPreference=primary, writeConcern=WriteConcern{w=null, wTimeout=null ms, journal=null}, retryWrites=true, retryReads=true, readConcern=ReadConcern{level=null}, credential=null, transportSettings=null, commandListeners=[], codecRegistry=ProvidersCodecRegistry{codecProviders=[ValueCodecProvider{}, BsonValueCodecProvider{}, DBRefCodecProvider{}, DBObjectCodecProvider{}, DocumentCodecProvider{}, CollectionCodecProvider{}, IterableCodecProvider{}, MapCodecProvider{}, GeoJsonCodecProvider{}, GridFSFileCodecProvider{}, Jsr310CodecProvider{}, JsonObjectCodecProvider{}, BsonCodecProvider{}, EnumCodecProvider{}, com.mongodb.client.model.mql.ExpressionCodecProvider@709f0202, com.mongodb.Jep395RecordCodecProvider@654e6a90, com.mongodb.KotlinCodecProvider@14168e1]}, loggerSettings=LoggerSettings{maxDocumentLength=1000}, clusterSettings={hosts=[localhost:27017], srvServiceName=mongodb, mode=SINGLE, requiredClusterType=UNKNOWN, requiredReplicaSetName='null', serverSelector='null', clusterListeners='[]', serverSelectionTimeout='30000 ms', localThreshold='15 ms'}, socketSettings=SocketSettings{connectTimeoutMS=10000, readTimeoutMS=0, receiveBufferSize=0, proxySettings=ProxySettings{host=null, port=null, username=null, password=null}}, heartbeatSocketSettings=SocketSettings{connectTimeoutMS=10000, readTimeoutMS=10000, receiveBufferSize=0, proxySettings=ProxySettings{host=null, port=null, username=null, password=null}}, connectionPoolSettings=ConnectionPoolSettings{maxSize=100, minSize=0, maxWaitTimeMS=120000, maxConnectionLifeTimeMS=0, maxConnectionIdleTimeMS=0, maintenanceInitialDelayMS=0, maintenanceFrequencyMS=60000, connectionPoolListeners=[], maxConnecting=2}, serverSettings=ServerSettings{heartbeatFrequencyMS=10000, minHeartbeatFrequencyMS=500, serverMonitoringMode=AUTO, serverListeners='[]', serverMonitorListeners='[]'}, sslSettings=SslSettings{enabled=false, invalidHostNameAllowed=false, context=null}, applicationName='null', compressorList=[], uuidRepresentation=JAVA_LEGACY, serverApi=null, autoEncryptionSettings=null, dnsClient=null, inetAddressResolver=null, contextProvider=null, timeoutMS=null}
2025-10-14T14:06:22.084+02:00  INFO 158923 --- [lets-play] [localhost:27017] org.mongodb.driver.cluster               : Monitor thread successfully connected to server with description ServerDescription{address=localhost:27017, type=STANDALONE, cryptd=false, state=CONNECTED, ok=true, minWireVersion=0, maxWireVersion=21, maxDocumentSize=16777216, logicalSessionTimeoutMinutes=30, roundTripTimeNanos=19316254, minRoundTripTimeNanos=0}
2025-10-14T14:06:22.463+02:00 DEBUG 158923 --- [lets-play] [           main] c.e.lets_play.config.RateLimitingFilter  : Filter 'rateLimitingFilter' configured for use
2025-10-14T14:06:22.464+02:00 DEBUG 158923 --- [lets-play] [           main] c.e.lets_play.security.AuthTokenFilter   : Filter 'authenticationJwtTokenFilter' configured for use
2025-10-14T14:06:22.559+02:00  INFO 158923 --- [lets-play] [           main] r$InitializeUserDetailsManagerConfigurer : Global AuthenticationManager configured with UserDetailsService bean with name userDetailsServiceImpl
2025-10-14T14:06:22.975+02:00 DEBUG 158923 --- [lets-play] [           main] o.s.s.web.DefaultSecurityFilterChain     : Will secure any request with filters: DisableEncodeUrlFilter, WebAsyncManagerIntegrationFilter, SecurityContextHolderFilter, HeaderWriterFilter, CorsFilter, LogoutFilter, RateLimitingFilter, AuthTokenFilter, RequestCacheAwareFilter, SecurityContextHolderAwareRequestFilter, AnonymousAuthenticationFilter, SessionManagementFilter, ExceptionTranslationFilter, AuthorizationFilter
2025-10-14T14:06:23.232+02:00  WARN 158923 --- [lets-play] [           main] ConfigServletWebServerApplicationContext : Exception encountered during context initialization - cancelling refresh attempt: org.springframework.context.ApplicationContextException: Failed to start bean 'webServerStartStop'
2025-10-14T14:06:23.252+02:00  INFO 158923 --- [lets-play] [         2025-10-14T14:06:44.834+02:00  INFO 158513 --- [lets-play] [nio-8080-exec-1] o.a.c.c.C.[Tomcat].[localhost].[/]       : Initializing Spring DispatcherServlet 'dispatcherServlet'
2025-10-14T14:06:44.835+02:00  INFO 158513 --- [lets-play] [nio-8080-exec-1] o.s.web.servlet.DispatcherServlet        : Initializing Servlet 'dispatcherServlet'
2025-10-14T14:06:44.836+02:00  INFO 158513 --- [lets-play] [nio-8080-exec-1] o.s.web.servlet.DispatcherServlet        : Completed initialization in 1 ms
2025-10-14T14:06:44.857+02:00 DEBUG 158513 --- [lets-play] [nio-8080-exec-1] o.s.security.web.FilterChainProxy        : Securing GET /api/products
2025-10-14T14:06:44.867+02:00 DEBUG 158513 --- [lets-play] [nio-8080-exec-1] o.s.s.w.a.AnonymousAuthenticationFilter  : Set SecurityContextHolder to anonymous SecurityContext
2025-10-14T14:06:44.870+02:00 DEBUG 158513 --- [lets-play] [nio-8080-exec-1] o.s.security.web.FilterChainProxy        : Secured GET /api/products
2025-10-14T14:06:56.905+02:00 DEBUG 158513 --- [lets-play] [nio-8080-exec-2] o.s.security.web.FilterChainProxy        : Securing GET /api/products
2025-10-14T14:06:56.906+02:00 DEBUG 158513 --- [lets-play] [nio-8080-exec-2] o.s.s.w.a.AnonymousAuthenticationFilter  : Set SecurityContextHolder to anonymous SecurityContext
2025-10-14T14:06:56.906+02:00 DEBUG 158513 --- [lets-play] [nio-8080-exec-2] o.s.security.web.FilterChainProxy        : Secured GET /api/products
2025-10-14T14:08:45.000+02:00 DEBUG 158513 --- [lets-play] [nio-8080-exec-3] o.s.security.web.FilterChainProxy        : Securing POST /api/auth/signup
2025-10-14T14:08:45.001+02:00 DEBUG 158513 --- [lets-play] [nio-8080-exec-3] o.s.s.w.a.AnonymousAuthenticationFilter  : Set SecurityContextHolder to anonymous SecurityContext
2025-10-14T14:08:45.002+02:00 DEBUG 158513 --- [lets-play] [nio-8080-exec-3] o.s.security.web.FilterChainProxy        : Secured POST /api/auth/signup
2025-10-14T14:09:56.447+02:00 DEBUG 158513 --- [lets-play] [nio-8080-exec-5] o.s.security.web.FilterChainProxy        : Securing POST /api/auth/signin
2025-10-14T14:09:56.448+02:00 DEBUG 158513 --- [lets-play] [nio-8080-exec-5] o.s.s.w.a.AnonymousAuthenticationFilter  : Set SecurityContextHolder to anonymous SecurityContext
2025-10-14T14:09:56.448+02:00 DEBUG 158513 --- [lets-play] [nio-8080-exec-5] o.s.security.web.FilterChainProxy        : Secured POST /api/auth/signin
2025-10-14T14:09:56.591+02:00 DEBUG 158513 --- [lets-play] [nio-8080-exec-5] o.s.s.a.dao.DaoAuthenticationProvider    : Authenticated user
2025-10-14T14:10:13.048+02:00 DEBUG 158513 --- [lets-play] [nio-8080-exec-6] o.s.security.web.FilterChainProxy        : Securing POST /api/auth/signin
2025-10-14T14:10:13.048+02:00 DEBUG 158513 --- [lets-play] [nio-8080-exec-6] o.s.s.w.a.AnonymousAuthenticationFilter  : Set SecurityContextHolder to anonymous SecurityContext
2025-10-14T14:10:13.049+02:00 DEBUG 158513 --- [lets-play] [nio-8080-exec-6] o.s.security.web.FilterChainProxy        : Secured POST /api/auth/signin
2025-10-14T14:10:13.120+02:00 DEBUG 158513 --- [lets-play] [nio-8080-exec-6] o.s.s.a.dao.DaoAuthenticationProvider    : Authenticated user
2025-10-14T14:10:27.821+02:00 DEBUG 158513 --- [lets-play] [nio-8080-exec-7] o.s.security.web.FilterChainProxy        : Securing POST /api/products
2025-10-14T14:10:27.848+02:00 DEBUG 158513 --- [lets-play] [nio-8080-exec-7] o.s.security.web.FilterChainProxy        : Secured POST /api/products
2025-10-14T14:11:00.238+02:00 DEBUG 158513 --- [lets-play] [nio-8080-exec-8] o.s.security.web.FilterChainProxy        : Securing POST /api/products
2025-10-14T14:11:00.245+02:00 DEBUG 158513 --- [lets-play] [nio-8080-exec-8] o.s.security.web.FilterChainProxy        : Secured POST /api/products
2025-10-14T14:11:00.260+02:00 DEBUG 158513 --- [lets-play] [nio-8080-exec-9] o.s.security.web.FilterChainProxy        : Securing GET /api/products/68ee3dd406c24b04ad005840
2025-10-14T14:11:00.260+02:00 DEBUG 158513 --- [lets-play] [nio-8080-exec-9] o.s.s.w.a.AnonymousAuthenticationFilter  : Set SecurityContextHolder to anonymous SecurityContext
2025-10-14T14:11:00.260+02:00 DEBUG 158513 --- [lets-play] [nio-8080-exec-9] o.s.security.web.FilterChainProxy        : Secured GET /api/products/68ee3dd406c24b04ad005840
2025-10-14T14:11:06.428+02:00 DEBUG 158513 --- [lets-play] [io-8080-exec-10] o.s.security.web.FilterChainProxy        : Securing GET /api/products/68ee3dd406c24b04ad005840
2025-10-14T14:11:06.429+02:00 DEBUG 158513 --- [lets-play] [io-8080-exec-10] o.s.s.w.a.AnonymousAuthenticationFilter  : Set SecurityContextHolder to anonymous SecurityContext
2025-10-14T14:11:06.429+02:00 DEBUG 158513 --- [lets-play] [io-8080-exec-10] o.s.security.web.FilterChainProxy        : Secured GET /api/products/68ee3dd406c24b04ad005840
2025-10-14T14:11:36.962+02:00 DEBUG 158513 --- [lets-play] [nio-8080-exec-2] o.s.security.web.FilterChainProxy        : Securing PUT /api/products/68ee3dd406c24b04ad005840
2025-10-14T14:11:36.967+02:00 DEBUG 158513 --- [lets-play] [nio-8080-exec-2] o.s.security.web.FilterChainProxy        : Secured PUT /api/products/68ee3dd406c24b04ad005840
2025-10-14T14:11:56.234+02:00 DEBUG 158513 --- [lets-play] [nio-8080-exec-3] o.s.security.web.FilterChainProxy        : Securing GET /api/products/68ee3dd406c24b04ad005840
2025-10-14T14:11:56.234+02:00 DEBUG 158513 --- [lets-play] [nio-8080-exec-3] o.s.s.w.a.AnonymousAuthenticationFilter  : Set SecurityContextHolder to anonymous SecurityContext
2025-10-14T14:11:56.234+02:00 DEBUG 158513 --- [lets-play] [nio-8080-exec-3] o.s.security.web.FilterChainProxy        : Secured GET /api/products/68ee3dd406c24b04ad005840
2025-10-14T14:12:19.434+02:00 DEBUG 158513 --- [lets-play] [nio-8080-exec-5] o.s.security.web.FilterChainProxy        : Securing DELETE /api/products/68ee3dd406c24b04ad005840
2025-10-14T14:12:19.441+02:00 DEBUG 158513 --- [lets-play] [nio-8080-exec-5] o.s.security.web.FilterChainProxy        : Secured DELETE /api/products/68ee3dd406c24b04ad005840
2025-10-14T14:12:31.035+02:00 DEBUG 158513 --- [lets-play] [nio-8080-exec-7] o.s.security.web.FilterChainProxy        : Securing GET /api/products/68ee3dd406c24b04ad005840
2025-10-14T14:12:31.035+02:00 DEBUG 158513 --- [lets-play] [nio-8080-exec-7] o.s.s.w.a.AnonymousAuthenticationFilter  : Set SecurityContextHolder to anonymous SecurityContext
2025-10-14T14:12:31.035+02:00 DEBUG 158513 --- [lets-play] [nio-8080-exec-7] o.s.security.web.FilterChainProxy        : Secured GET /api/products/68ee3dd406c24b04ad005840
2025-10-14T14:12:31.046+02:00 DEBUG 158513 --- [lets-play] [nio-8080-exec-7] o.s.security.web.FilterChainProxy        : Securing GET /error
2025-10-14T14:12:31.047+02:00 DEBUG 158513 --- [lets-play] [nio-8080-exec-7] o.s.security.web.FilterChainProxy        : Secured GET /error
2025-10-14T14:12:31.051+02:00 DEBUG 158513 --- [lets-play] [nio-8080-exec-7] o.s.s.w.a.AnonymousAuthenticationFilter  : Set SecurityContextHolder to anonymous SecurityContext
2025-10-14T14:13:04.333+02:00 DEBUG 158513 --- [lets-play] [nio-8080-exec-8] o.s.security.web.FilterChainProxy        : Securing POST /api/products
2025-10-14T14:13:04.334+02:00 DEBUG 158513 --- [lets-play] [nio-8080-exec-8] o.s.s.w.a.AnonymousAuthenticationFilter  : Set SecurityContextHolder to anonymous SecurityContext
2025-10-14T14:13:04.334+02:00 DEBUG 158513 --- [lets-play] [nio-8080-exec-8] o.s.security.web.FilterChainProxy        : Secured POST /api/products
2025-10-14T14:13:21.580+02:00 DEBUG 158513 --- [lets-play] [io-8080-exec-10] o.s.security.web.FilterChainProxy        : Securing POST /api/auth/signup
2025-10-14T14:13:21.581+02:00 DEBUG 158513 --- [lets-play] [io-8080-exec-10] o.s.s.w.a.AnonymousAuthenticationFilter  : Set SecurityContextHolder to anonymous SecurityContext
2025-10-14T14:13:21.581+02:00 DEBUG 158513 --- [lets-play] [io-8080-exec-10] o.s.security.web.FilterChainProxy        : Secured POST /api/auth/signup
2025-10-14T14:13:21.663+02:00 DEBUG 158513 --- [lets-play] [nio-8080-exec-2] o.s.security.web.FilterChainProxy        : Securing POST /api/auth/signin
2025-10-14T14:13:21.663+02:00 DEBUG 158513 --- [lets-play] [nio-8080-exec-2] o.s.s.w.a.AnonymousAuthenticationFilter  : Set SecurityContextHolder to anonymous SecurityContext
2025-10-14T14:13:21.663+02:00 DEBUG 158513 --- [lets-play] [nio-8080-exec-2] o.s.security.web.FilterChainProxy        : Secured POST /api/auth/signin
2025-10-14T14:13:21.724+02:00 DEBUG 158513 --- [lets-play] [nio-8080-exec-2] o.s.s.a.dao.DaoAuthenticationProvider    : Authenticated user
2025-10-14T14:13:21.735+02:00 DEBUG 158513 --- [lets-play] [nio-8080-exec-3] o.s.security.web.FilterChainProxy        : Securing POST /api/products
2025-10-14T14:13:21.744+02:00 DEBUG 158513 --- [lets-play] [nio-8080-exec-3] o.s.security.web.FilterChainProxy        : Secured POST /api/products
2025-10-14T14:13:33.900+02:00 DEBUG 158513 --- [lets-play] [nio-8080-exec-4] o.s.security.web.FilterChainProxy        : Securing PUT /api/products/68ee3e6106c24b04ad005842
2025-10-14T14:13:33.906+02:00 DEBUG 158513 --- [lets-play] [nio-8080-exec-4] o.s.security.web.FilterChainProxy        : Secured PUT /api/products/68ee3e6106c24b04ad005842
2025-10-14T14:13:33.913+02:00  WARN 158513 --- [lets-play] [nio-8080-exec-4] .w.s.m.s.DefaultHandlerExceptionResolver : Resolved [org.springframework.web.bind.MethodArgumentNotValidException: Validation failed for argument [1] in public org.springframework.http.ResponseEntity<com.example.lets_play.model.Product> com.example.lets_play.controller.ProductController.updateProduct(java.lang.String,com.example.lets_play.dto.ProductRequest,org.springframework.security.core.Authentication): [Field error in object 'productRequest' on field 'price': rejected value [null]; codes [NotNull.productRequest.price,NotNull.price,NotNull.java.lang.Double,NotNull]; arguments [org.springframework.context.support.DefaultMessageSourceResolvable: codes [productRequest.price,price]; arguments []; default message [price]]; default message [Price is required]] ]
2025-10-14T14:13:33.913+02:00 DEBUG 158513 --- [lets-play] [nio-8080-exec-4] o.s.security.web.FilterChainProxy        : Securing PUT /error
2025-10-14T14:13:33.914+02:00 DEBUG 158513 --- [lets-play] [nio-8080-exec-4] o.s.security.web.FilterChainProxy        : Secured PUT /error
2025-10-14T14:13:33.922+02:00 DEBUG 158513 --- [lets-play] [nio-8080-exec-4] o.s.s.w.a.AnonymousAuthenticationFilter  : Set SecurityContextHolder to anonymous SecurityContext
2025-10-14T14:14:03.057+02:00 DEBUG 158513 --- [lets-play] [nio-8080-exec-5] o.s.security.web.FilterChainProxy        : Securing GET /api/products
2025-10-14T14:14:03.057+02:00 DEBUG 158513 --- [lets-play] [nio-8080-exec-5] o.s.s.w.a.AnonymousAuthenticationFilter  : Set SecurityContextHolder to anonymous SecurityContext
2025-10-14T14:14:03.057+02:00 DEBUG 158513 --- [lets-play] [nio-8080-exec-5] o.s.security.web.FilterChainProxy        : Secured GET /api/products
2025-10-14T14:14:03.266+02:00 DEBUG 158513 --- [lets-play] [nio-8080-exec-6] o.s.security.web.FilterChainProxy        : Securing GET /api/products
2025-10-14T14:14:03.266+02:00 DEBUG 158513 --- [lets-play] [nio-8080-exec-6] o.s.s.w.a.AnonymousAuthenticationFilter  : Set SecurityContextHolder to anonymous SecurityContext
2025-10-14T14:14:03.266+02:00 DEBUG 158513 --- [lets-play] [nio-8080-exec-6] o.s.security.web.FilterChainProxy        : Secured GET /api/products
2025-10-14T14:14:03.273+02:00 DEBUG 158513 --- [lets-play] [nio-8080-exec-8] o.s.security.web.FilterChainProxy        : Securing GET /api/products
2025-10-14T14:14:03.273+02:00 DEBUG 158513 --- [lets-play] [nio-8080-exec-8] o.s.s.w.a.AnonymousAuthenticationFilter  : Set SecurityContextHolder to anonymous SecurityContext
2025-10-14T14:14:03.273+02:00 DEBUG 158513 --- [lets-play] [nio-8080-exec-8] o.s.security.web.FilterChainProxy        : Secured GET /api/products
2025-10-14T14:14:03.278+02:00 DEBUG 158513 --- [lets-play] [io-8080-exec-10] o.s.security.web.FilterChainProxy        : Securing GET /api/products
2025-10-14T14:14:03.278+02:00 DEBUG 158513 --- [lets-play] [io-8080-exec-10] o.s.s.w.a.AnonymousAuthenticationFilter  : Set SecurityContextHolder to anonymous SecurityContext
2025-10-14T14:14:03.278+02:00 DEBUG 158513 --- [lets-play] [io-8080-exec-10] o.s.security.web.FilterChainProxy        : Secured GET /api/products
2025-10-14T14:14:03.283+02:00 DEBUG 158513 --- [lets-play] [nio-8080-exec-2] o.s.security.web.FilterChainProxy        : Securing GET /api/products
2025-10-14T14:14:03.283+02:00 DEBUG 158513 --- [lets-play] [nio-8080-exec-2] o.s.s.w.a.AnonymousAuthenticationFilter  : Set SecurityContextHolder to anonymous SecurityContext
2025-10-14T14:14:03.283+02:00 DEBUG 158513 --- [lets-play] [nio-8080-exec-2] o.s.security.web.FilterChainProxy        : Secured GET /api/products
2025-10-14T14:14:03.289+02:00 DEBUG 158513 --- [lets-play] [nio-8080-exec-4] o.s.security.web.FilterChainProxy        : Securing GET /api/products
2025-10-14T14:14:03.289+02:00 DEBUG 158513 --- [lets-play] [nio-8080-exec-4] o.s.s.w.a.AnonymousAuthenticationFilter  : Set SecurityContextHolder to anonymous SecurityContext
2025-10-14T14:14:03.289+02:00 DEBUG 158513 --- [lets-play] [nio-8080-exec-4] o.s.security.web.FilterChainProxy        : Secured GET /api/products
2025-10-14T14:14:03.295+02:00 DEBUG 158513 --- [lets-play] [nio-8080-exec-6] o.s.security.web.FilterChainProxy        : Securing GET /api/products
2025-10-14T14:14:03.296+02:00 DEBUG 158513 --- [lets-play] [nio-8080-exec-6] o.s.s.w.a.AnonymousAuthenticationFilter  : Set SecurityContextHolder to anonymous SecurityContext
2025-10-14T14:14:03.296+02:00 DEBUG 158513 --- [lets-play] [nio-8080-exec-6] o.s.security.web.FilterChainProxy        : Secured GET /api/products
2025-10-14T14:14:03.301+02:00 DEBUG 158513 --- [lets-play] [nio-8080-exec-8] o.s.security.web.FilterChainProxy        : Securing GET /api/products
2025-10-14T14:14:03.302+02:00 DEBUG 158513 --- [lets-play] [nio-8080-exec-8] o.s.s.w.a.AnonymousAuthenticationFilter  : Set SecurityContextHolder to anonymous SecurityContext
2025-10-14T14:14:03.302+02:00 DEBUG 158513 --- [lets-play] [nio-8080-exec-8] o.s.security.web.FilterChainProxy        : Secured GET /api/products
2025-10-14T14:14:03.307+02:00 DEBUG 158513 --- [lets-play] [io-8080-exec-10] o.s.security.web.FilterChainProxy        : Securing GET /api/products
2025-10-14T14:14:03.307+02:00 DEBUG 158513 --- [lets-play] [io-8080-exec-10] o.s.s.w.a.AnonymousAuthenticationFilter  : Set SecurityContextHolder to anonymous SecurityContext
2025-10-14T14:14:03.307+02:00 DEBUG 158513 --- [lets-play] [io-8080-exec-10] o.s.security.web.FilterChainProxy        : Secured GET /api/products
2025-10-14T14:14:03.314+02:00 DEBUG 158513 --- [lets-play] [nio-8080-exec-2] o.s.security.web.FilterChainProxy        : Securing GET /api/products
2025-10-14T14:14:03.315+02:00 DEBUG 158513 --- [lets-play] [nio-8080-exec-2] o.s.s.w.a.AnonymousAuthenticationFilter  : Set SecurityContextHolder to anonymous SecurityContext
2025-10-14T14:14:03.315+02:00 DEBUG 158513 --- [lets-play] [nio-8080-exec-2] o.s.security.web.FilterChainProxy        : Secured GET /api/products
2025-10-14T14:14:03.320+02:00 DEBUG 158513 --- [lets-play] [nio-8080-exec-4] o.s.security.web.FilterChainProxy        : Securing GET /api/products
2025-10-14T14:14:03.320+02:00 DEBUG 158513 --- [lets-play] [nio-8080-exec-4] o.s.s.w.a.AnonymousAuthenticationFilter  : Set SecurityContextHolder to anonymous SecurityContext
2025-10-14T14:14:03.321+02:00 DEBUG 158513 --- [lets-play] [nio-8080-exec-4] o.s.security.web.FilterChainProxy        : Secured GET /api/products
2025-10-14T14:14:03.527+02:00 DEBUG 158513 --- [lets-play] [nio-8080-exec-6] o.s.security.web.FilterChainProxy        : Securing GET /api/products
2025-10-14T14:14:03.527+02:00 DEBUG 158513 --- [lets-play] [nio-8080-exec-6] o.s.s.w.a.AnonymousAuthenticationFilter  : Set SecurityContextHolder to anonymous SecurityContext
2025-10-14T14:14:03.527+02:00 DEBUG 158513 --- [lets-play] [nio-8080-exec-6] o.s.security.web.FilterChainProxy        : Secured GET /api/products
2025-10-14T14:14:03.531+02:00 DEBUG 158513 --- [lets-play] [nio-8080-exec-8] o.s.security.web.FilterChainProxy        : Securing GET /api/products
2025-10-14T14:14:03.532+02:00 DEBUG 158513 --- [lets-play] [nio-8080-exec-8] o.s.s.w.a.AnonymousAuthenticationFilter  : Set SecurityContextHolder to anonymous SecurityContext
2025-10-14T14:14:03.532+02:00 DEBUG 158513 --- [lets-play] [nio-8080-exec-8] o.s.security.web.FilterChainProxy        : Secured GET /api/products
2025-10-14T14:14:03.537+02:00 DEBUG 158513 --- [lets-play] [io-8080-exec-10] o.s.security.web.FilterChainProxy        : Securing GET /api/products
2025-10-14T14:14:03.538+02:00 DEBUG 158513 --- [lets-play] [io-8080-exec-10] o.s.s.w.a.AnonymousAuthenticationFilter  : Set SecurityContextHolder to anonymous SecurityContext
2025-10-14T14:14:03.538+02:00 DEBUG 158513 --- [lets-play] [io-8080-exec-10] o.s.security.web.FilterChainProxy        : Secured GET /api/products
2025-10-14T14:14:03.543+02:00 DEBUG 158513 --- [lets-play] [nio-8080-exec-2] o.s.security.web.FilterChainProxy        : Securing GET /api/products
2025-10-14T14:14:03.543+02:00 DEBUG 158513 --- [lets-play] [nio-8080-exec-2] o.s.s.w.a.AnonymousAuthenticationFilter  : Set SecurityContextHolder to anonymous SecurityContext
2025-10-14T14:14:03.543+02:00 DEBUG 158513 --- [lets-play] [nio-8080-exec-2] o.s.security.web.FilterChainProxy        : Secured GET /api/products
2025-10-14T14:14:03.549+02:00 DEBUG 158513 --- [lets-play] [nio-8080-exec-4] o.s.security.web.FilterChainProxy        : Securing GET /api/products
2025-10-14T14:14:03.549+02:00 DEBUG 158513 --- [lets-play] [nio-8080-exec-4] o.s.s.w.a.AnonymousAuthenticationFilter  : Set SecurityContextHolder to anonymous SecurityContext
2025-10-14T14:14:03.549+02:00 DEBUG 158513 --- [lets-play] [nio-8080-exec-4] o.s.security.web.FilterChainProxy        : Secured GET /api/products
2025-10-14T14:14:03.553+02:00 DEBUG 158513 --- [lets-play] [nio-8080-exec-6] o.s.security.web.FilterChainProxy        : Securing GET /api/products
2025-10-14T14:14:03.554+02:00 DEBUG 158513 --- [lets-play] [nio-8080-exec-6] o.s.s.w.a.AnonymousAuthenticationFilter  : Set SecurityContextHolder to anonymous SecurityContext
2025-10-14T14:14:03.554+02:00 DEBUG 158513 --- [lets-play] [nio-8080-exec-6] o.s.security.web.FilterChainProxy        : Secured GET /api/products
2025-10-14T14:14:03.559+02:00 DEBUG 158513 --- [lets-play] [nio-8080-exec-8] o.s.security.web.FilterChainProxy        : Securing GET /api/products
2025-10-14T14:14:03.560+02:00 DEBUG 158513 --- [lets-play] [nio-8080-exec-8] o.s.s.w.a.AnonymousAuthenticationFilter  : Set SecurityContextHolder to anonymous SecurityContext
2025-10-14T14:14:03.560+02:00 DEBUG 158513 --- [lets-play] [nio-8080-exec-8] o.s.security.web.FilterChainProxy        : Secured GET /api/products
2025-10-14T14:14:03.565+02:00 DEBUG 158513 --- [lets-play] [io-8080-exec-10] o.s.security.web.FilterChainProxy        : Securing GET /api/products
2025-10-14T14:14:03.565+02:00 DEBUG 158513 --- [lets-play] [io-8080-exec-10] o.s.s.w.a.AnonymousAuthenticationFilter  : Set SecurityContextHolder to anonymous SecurityContext
2025-10-14T14:14:03.566+02:00 DEBUG 158513 --- [lets-play] [io-8080-exec-10] o.s.security.web.FilterChainProxy        : Secured GET /api/products
2025-10-14T14:14:03.571+02:00 DEBUG 158513 --- [lets-play] [nio-8080-exec-2] o.s.security.web.FilterChainProxy        : Securing GET /api/products
2025-10-14T14:14:03.571+02:00 DEBUG 158513 --- [lets-play] [nio-8080-exec-2] o.s.s.w.a.AnonymousAuthenticationFilter  : Set SecurityContextHolder to anonymous SecurityContext
2025-10-14T14:14:03.572+02:00 DEBUG 158513 --- [lets-play] [nio-8080-exec-2] o.s.security.web.FilterChainProxy        : Secured GET /api/products
2025-10-14T14:14:03.577+02:00 DEBUG 158513 --- [lets-play] [nio-8080-exec-4] o.s.security.web.FilterChainProxy        : Securing GET /api/products
2025-10-14T14:14:03.577+02:00 DEBUG 158513 --- [lets-play] [nio-8080-exec-4] o.s.s.w.a.AnonymousAuthenticationFilter  : Set SecurityContextHolder to anonymous SecurityContext
2025-10-14T14:14:03.577+02:00 DEBUG 158513 --- [lets-play] [nio-8080-exec-4] o.s.security.web.FilterChainProxy        : Secured GET /api/products
2025-10-14T14:14:03.783+02:00 DEBUG 158513 --- [lets-play] [nio-8080-exec-6] o.s.security.web.FilterChainProxy        : Securing GET /api/products
2025-10-14T14:14:03.783+02:00 DEBUG 158513 --- [lets-play] [nio-8080-exec-6] o.s.s.w.a.AnonymousAuthenticationFilter  : Set SecurityContextHolder to anonymous SecurityContext
2025-10-14T14:14:03.783+02:00 DEBUG 158513 --- [lets-play] [nio-8080-exec-6] o.s.security.web.FilterChainProxy        : Secured GET /api/products
2025-10-14T14:14:03.788+02:00 DEBUG 158513 --- [lets-play] [nio-8080-exec-8] o.s.security.web.FilterChainProxy        : Securing GET /api/products
2025-10-14T14:14:03.789+02:00 DEBUG 158513 --- [lets-play] [nio-8080-exec-8] o.s.s.w.a.AnonymousAuthenticationFilter  : Set SecurityContextHolder to anonymous SecurityContext
2025-10-14T14:14:03.789+02:00 DEBUG 158513 --- [lets-play] [nio-8080-exec-8] o.s.security.web.FilterChainProxy        : Secured GET /api/products
2025-10-14T14:14:03.794+02:00 DEBUG 158513 --- [lets-play] [io-8080-exec-10] o.s.security.web.FilterChainProxy        : Securing GET /api/products
2025-10-14T14:14:03.795+02:00 DEBUG 158513 --- [lets-play] [io-8080-exec-10] o.s.s.w.a.AnonymousAuthenticationFilter  : Set SecurityContextHolder to anonymous SecurityContext
2025-10-14T14:14:03.795+02:00 DEBUG 158513 --- [lets-play] [io-8080-exec-10] o.s.security.web.FilterChainProxy        : Secured GET /api/products
2025-10-14T14:14:03.800+02:00 DEBUG 158513 --- [lets-play] [nio-8080-exec-2] o.s.security.web.FilterChainProxy        : Securing GET /api/products
2025-10-14T14:14:03.800+02:00 DEBUG 158513 --- [lets-play] [nio-8080-exec-2] o.s.s.w.a.AnonymousAuthenticationFilter  : Set SecurityContextHolder to anonymous SecurityContext
2025-10-14T14:14:03.800+02:00 DEBUG 158513 --- [lets-play] [nio-8080-exec-2] o.s.security.web.FilterChainProxy        : Secured GET /api/products
2025-10-14T14:14:03.806+02:00 DEBUG 158513 --- [lets-play] [nio-8080-exec-4] o.s.security.web.FilterChainProxy        : Securing GET /api/products
2025-10-14T14:14:03.806+02:00 DEBUG 158513 --- [lets-play] [nio-8080-exec-4] o.s.s.w.a.AnonymousAuthenticationFilter  : Set SecurityContextHolder to anonymous SecurityContext
2025-10-14T14:14:03.806+02:00 DEBUG 158513 --- [lets-play] [nio-8080-exec-4] o.s.security.web.FilterChainProxy        : Secured GET /api/products
2025-10-14T14:14:03.811+02:00 DEBUG 158513 --- [lets-play] [nio-8080-exec-6] o.s.security.web.FilterChainProxy        : Securing GET /api/products
2025-10-14T14:14:03.811+02:00 DEBUG 158513 --- [lets-play] [nio-8080-exec-6] o.s.s.w.a.AnonymousAuthenticationFilter  : Set SecurityContextHolder to anonymous SecurityContext
2025-10-14T14:14:03.812+02:00 DEBUG 158513 --- [lets-play] [nio-8080-exec-6] o.s.security.web.FilterChainProxy        : Secured GET /api/products
2025-10-14T14:14:03.817+02:00 DEBUG 158513 --- [lets-play] [nio-8080-exec-8] o.s.security.web.FilterChainProxy        : Securing GET /api/products
2025-10-14T14:14:03.817+02:00 DEBUG 158513 --- [lets-play] [nio-8080-exec-8] o.s.s.w.a.AnonymousAuthenticationFilter  : Set SecurityContextHolder to anonymous SecurityContext
2025-10-14T14:14:03.817+02:00 DEBUG 158513 --- [lets-play] [nio-8080-exec-8] o.s.security.web.FilterChainProxy        : Secured GET /api/products
2025-10-14T14:14:03.823+02:00 DEBUG 158513 --- [lets-play] [io-8080-exec-10] o.s.security.web.FilterChainProxy        : Securing GET /api/products
2025-10-14T14:14:03.823+02:00 DEBUG 158513 --- [lets-play] [io-8080-exec-10] o.s.s.w.a.AnonymousAuthenticationFilter  : Set SecurityContextHolder to anonymous SecurityContext
2025-10-14T14:14:03.823+02:00 DEBUG 158513 --- [lets-play] [io-8080-exec-10] o.s.security.web.FilterChainProxy        : Secured GET /api/products
2025-10-14T14:14:03.828+02:00 DEBUG 158513 --- [lets-play] [nio-8080-exec-2] o.s.security.web.FilterChainProxy        : Securing GET /api/products
2025-10-14T14:14:03.829+02:00 DEBUG 158513 --- [lets-play] [nio-8080-exec-2] o.s.s.w.a.AnonymousAuthenticationFilter  : Set SecurityContextHolder to anonymous SecurityContext
2025-10-14T14:14:03.829+02:00 DEBUG 158513 --- [lets-play] [nio-8080-exec-2] o.s.security.web.FilterChainProxy        : Secured GET /api/products
2025-10-14T14:14:03.833+02:00 DEBUG 158513 --- [lets-play] [nio-8080-exec-4] o.s.security.web.FilterChainProxy        : Securing GET /api/products
2025-10-14T14:14:03.834+02:00 DEBUG 158513 --- [lets-play] [nio-8080-exec-4] o.s.s.w.a.AnonymousAuthenticationFilter  : Set SecurityContextHolder to anonymous SecurityContext
2025-10-14T14:14:03.834+02:00 DEBUG 158513 --- [lets-play] [nio-8080-exec-4] o.s.security.web.FilterChainProxy        : Secured GET /api/products
2025-10-14T14:14:04.040+02:00 DEBUG 158513 --- [lets-play] [nio-8080-exec-6] o.s.security.web.FilterChainProxy        : Securing GET /api/products
2025-10-14T14:14:04.040+02:00 DEBUG 158513 --- [lets-play] [nio-8080-exec-6] o.s.s.w.a.AnonymousAuthenticationFilter  : Set SecurityContextHolder to anonymous SecurityContext
2025-10-14T14:14:04.040+02:00 DEBUG 158513 --- [lets-play] [nio-8080-exec-6] o.s.security.web.FilterChainProxy        : Secured GET /api/products
2025-10-14T14:14:04.045+02:00 DEBUG 158513 --- [lets-play] [nio-8080-exec-8] o.s.security.web.FilterChainProxy        : Securing GET /api/products
2025-10-14T14:14:04.045+02:00 DEBUG 158513 --- [lets-play] [nio-8080-exec-8] o.s.s.w.a.AnonymousAuthenticationFilter  : Set SecurityContextHolder to anonymous SecurityContext
2025-10-14T14:14:04.045+02:00 DEBUG 158513 --- [lets-play] [nio-8080-exec-8] o.s.security.web.FilterChainProxy        : Secured GET /api/products
2025-10-14T14:14:04.050+02:00 DEBUG 158513 --- [lets-play] [io-8080-exec-10] o.s.security.web.FilterChainProxy        : Securing GET /api/products
2025-10-14T14:14:04.050+02:00 DEBUG 158513 --- [lets-play] [io-8080-exec-10] o.s.s.w.a.AnonymousAuthenticationFilter  : Set SecurityContextHolder to anonymous SecurityContext
2025-10-14T14:14:04.051+02:00 DEBUG 158513 --- [lets-play] [io-8080-exec-10] o.s.security.web.FilterChainProxy        : Secured GET /api/products
2025-10-14T14:14:04.056+02:00 DEBUG 158513 --- [lets-play] [nio-8080-exec-2] o.s.security.web.FilterChainProxy        : Securing GET /api/products
2025-10-14T14:14:04.056+02:00 DEBUG 158513 --- [lets-play] [nio-8080-exec-2] o.s.s.w.a.AnonymousAuthenticationFilter  : Set SecurityContextHolder to anonymous SecurityContext
2025-10-14T14:14:04.056+02:00 DEBUG 158513 --- [lets-play] [nio-8080-exec-2] o.s.security.web.FilterChainProxy        : Secured GET /api/products
2025-10-14T14:14:04.061+02:00 DEBUG 158513 --- [lets-play] [nio-8080-exec-4] o.s.security.web.FilterChainProxy        : Securing GET /api/products
2025-10-14T14:14:04.062+02:00 DEBUG 158513 --- [lets-play] [nio-8080-exec-4] o.s.s.w.a.AnonymousAuthenticationFilter  : Set SecurityContextHolder to anonymous SecurityContext
2025-10-14T14:14:04.062+02:00 DEBUG 158513 --- [lets-play] [nio-8080-exec-4] o.s.security.web.FilterChainProxy        : Secured GET /api/products
2025-10-14T14:14:04.067+02:00 DEBUG 158513 --- [lets-play] [nio-8080-exec-6] o.s.security.web.FilterChainProxy        : Securing GET /api/products
2025-10-14T14:14:04.067+02:00 DEBUG 158513 --- [lets-play] [nio-8080-exec-6] o.s.s.w.a.AnonymousAuthenticationFilter  : Set SecurityContextHolder to anonymous SecurityContext
2025-10-14T14:14:04.067+02:00 DEBUG 158513 --- [lets-play] [nio-8080-exec-6] o.s.security.web.FilterChainProxy        : Secured GET /api/products
2025-10-14T14:14:04.071+02:00 DEBUG 158513 --- [lets-play] [nio-8080-exec-8] o.s.security.web.FilterChainProxy        : Securing GET /api/products
2025-10-14T14:14:04.071+02:00 DEBUG 158513 --- [lets-play] [nio-8080-exec-8] o.s.s.w.a.AnonymousAuthenticationFilter  : Set SecurityContextHolder to anonymous SecurityContext
2025-10-14T14:14:04.071+02:00 DEBUG 158513 --- [lets-play] [nio-8080-exec-8] o.s.security.web.FilterChainProxy        : Secured GET /api/products
2025-10-14T14:14:04.076+02:00 DEBUG 158513 --- [lets-play] [io-8080-exec-10] o.s.security.web.FilterChainProxy        : Securing GET /api/products
2025-10-14T14:14:04.077+02:00 DEBUG 158513 --- [lets-play] [io-8080-exec-10] o.s.s.w.a.AnonymousAuthenticationFilter  : Set SecurityContextHolder to anonymous SecurityContext
2025-10-14T14:14:04.077+02:00 DEBUG 158513 --- [lets-play] [io-8080-exec-10] o.s.security.web.FilterChainProxy        : Secured GET /api/products
2025-10-14T14:14:04.081+02:00 DEBUG 158513 --- [lets-play] [nio-8080-exec-2] o.s.security.web.FilterChainProxy        : Securing GET /api/products
2025-10-14T14:14:04.082+02:00 DEBUG 158513 --- [lets-play] [nio-8080-exec-2] o.s.s.w.a.AnonymousAuthenticationFilter  : Set SecurityContextHolder to anonymous SecurityContext
2025-10-14T14:14:04.082+02:00 DEBUG 158513 --- [lets-play] [nio-8080-exec-2] o.s.security.web.FilterChainProxy        : Secured GET /api/products
2025-10-14T14:14:04.087+02:00 DEBUG 158513 --- [lets-play] [nio-8080-exec-4] o.s.security.web.FilterChainProxy        : Securing GET /api/products
2025-10-14T14:14:04.087+02:00 DEBUG 158513 --- [lets-play] [nio-8080-exec-4] o.s.s.w.a.AnonymousAuthenticationFilter  : Set SecurityContextHolder to anonymous SecurityContext
2025-10-14T14:14:04.087+02:00 DEBUG 158513 --- [lets-play] [nio-8080-exec-4] o.s.security.web.FilterChainProxy        : Secured GET /api/products
2025-10-14T14:14:04.293+02:00 DEBUG 158513 --- [lets-play] [nio-8080-exec-6] o.s.security.web.FilterChainProxy        : Securing GET /api/products
2025-10-14T14:14:04.293+02:00 DEBUG 158513 --- [lets-play] [nio-8080-exec-6] o.s.s.w.a.AnonymousAuthenticationFilter  : Set SecurityContextHolder to anonymous SecurityContext
2025-10-14T14:14:04.293+02:00 DEBUG 158513 --- [lets-play] [nio-8080-exec-6] o.s.security.web.FilterChainProxy        : Secured GET /api/products
2025-10-14T14:14:04.297+02:00 DEBUG 158513 --- [lets-play] [nio-8080-exec-8] o.s.security.web.FilterChainProxy        : Securing GET /api/products
2025-10-14T14:14:04.297+02:00 DEBUG 158513 --- [lets-play] [nio-8080-exec-8] o.s.s.w.a.AnonymousAuthenticationFilter  : Set SecurityContextHolder to anonymous SecurityContext
2025-10-14T14:14:04.297+02:00 DEBUG 158513 --- [lets-play] [nio-8080-exec-8] o.s.security.web.FilterChainProxy        : Secured GET /api/products
2025-10-14T14:14:04.303+02:00 DEBUG 158513 --- [lets-play] [io-8080-exec-10] o.s.security.web.FilterChainProxy        : Securing GET /api/products
2025-10-14T14:14:04.303+02:00 DEBUG 158513 --- [lets-play] [io-8080-exec-10] o.s.s.w.a.AnonymousAuthenticationFilter  : Set SecurityContextHolder to anonymous SecurityContext
2025-10-14T14:14:04.303+02:00 DEBUG 158513 --- [lets-play] [io-8080-exec-10] o.s.security.web.FilterChainProxy        : Secured GET /api/products
2025-10-14T14:14:04.308+02:00 DEBUG 158513 --- [lets-play] [nio-8080-exec-2] o.s.security.web.FilterChainProxy        : Securing GET /api/products
2025-10-14T14:14:04.309+02:00 DEBUG 158513 --- [lets-play] [nio-8080-exec-2] o.s.s.w.a.AnonymousAuthenticationFilter  : Set SecurityContextHolder to anonymous SecurityContext
2025-10-14T14:14:04.309+02:00 DEBUG 158513 --- [lets-play] [nio-8080-exec-2] o.s.security.web.FilterChainProxy        : Secured GET /api/products
2025-10-14T14:14:04.313+02:00 DEBUG 158513 --- [lets-play] [nio-8080-exec-4] o.s.security.web.FilterChainProxy        : Securing GET /api/products
2025-10-14T14:14:04.314+02:00 DEBUG 158513 --- [lets-play] [nio-8080-exec-4] o.s.s.w.a.AnonymousAuthenticationFilter  : Set SecurityContextHolder to anonymous SecurityContext
2025-10-14T14:14:04.314+02:00 DEBUG 158513 --- [lets-play] [nio-8080-exec-4] o.s.security.web.FilterChainProxy        : Secured GET /api/products
2025-10-14T14:14:04.318+02:00 DEBUG 158513 --- [lets-play] [nio-8080-exec-6] o.s.security.web.FilterChainProxy        : Securing GET /api/products
2025-10-14T14:14:04.318+02:00 DEBUG 158513 --- [lets-play] [nio-8080-exec-6] o.s.s.w.a.AnonymousAuthenticationFilter  : Set SecurityContextHolder to anonymous SecurityContext
2025-10-14T14:14:04.318+02:00 DEBUG 158513 --- [lets-play] [nio-8080-exec-6] o.s.security.web.FilterChainProxy        : Secured GET /api/products
2025-10-14T14:14:04.322+02:00 DEBUG 158513 --- [lets-play] [nio-8080-exec-8] o.s.security.web.FilterChainProxy        : Securing GET /api/products
2025-10-14T14:14:04.323+02:00 DEBUG 158513 --- [lets-play] [nio-8080-exec-8] o.s.s.w.a.AnonymousAuthenticationFilter  : Set SecurityContextHolder to anonymous SecurityContext
2025-10-14T14:14:04.323+02:00 DEBUG 158513 --- [lets-play] [nio-8080-exec-8] o.s.security.web.FilterChainProxy        : Secured GET /api/products
2025-10-14T14:14:04.328+02:00 DEBUG 158513 --- [lets-play] [io-8080-exec-10] o.s.security.web.FilterChainProxy        : Securing GET /api/products
2025-10-14T14:14:04.328+02:00 DEBUG 158513 --- [lets-play] [io-8080-exec-10] o.s.s.w.a.AnonymousAuthenticationFilter  : Set SecurityContextHolder to anonymous SecurityContext
2025-10-14T14:14:04.328+02:00 DEBUG 158513 --- [lets-play] [io-8080-exec-10] o.s.security.web.FilterChainProxy        : Secured GET /api/products
2025-10-14T14:14:04.333+02:00 DEBUG 158513 --- [lets-play] [nio-8080-exec-2] o.s.security.web.FilterChainProxy        : Securing GET /api/products
2025-10-14T14:14:04.333+02:00 DEBUG 158513 --- [lets-play] [nio-8080-exec-2] o.s.s.w.a.AnonymousAuthenticationFilter  : Set SecurityContextHolder to anonymous SecurityContext
2025-10-14T14:14:04.333+02:00 DEBUG 158513 --- [lets-play] [nio-8080-exec-2] o.s.security.web.FilterChainProxy        : Secured GET /api/products
2025-10-14T14:14:04.338+02:00 DEBUG 158513 --- [lets-play] [nio-8080-exec-4] o.s.security.web.FilterChainProxy        : Securing GET /api/products
2025-10-14T14:14:04.338+02:00 DEBUG 158513 --- [lets-play] [nio-8080-exec-4] o.s.s.w.a.AnonymousAuthenticationFilter  : Set SecurityContextHolder to anonymous SecurityContext
2025-10-14T14:14:04.338+02:00 DEBUG 158513 --- [lets-play] [nio-8080-exec-4] o.s.security.web.FilterChainProxy        : Secured GET /api/products
2025-10-14T14:14:04.544+02:00 DEBUG 158513 --- [lets-play] [nio-8080-exec-6] o.s.security.web.FilterChainProxy        : Securing GET /api/products
2025-10-14T14:14:04.544+02:00 DEBUG 158513 --- [lets-play] [nio-8080-exec-6] o.s.s.w.a.AnonymousAuthenticationFilter  : Set SecurityContextHolder to anonymous SecurityContext
2025-10-14T14:14:04.544+02:00 DEBUG 158513 --- [lets-play] [nio-8080-exec-6] o.s.security.web.FilterChainProxy        : Secured GET /api/products
2025-10-14T14:14:04.549+02:00 DEBUG 158513 --- [lets-play] [nio-8080-exec-8] o.s.security.web.FilterChainProxy        : Securing GET /api/products
2025-10-14T14:14:04.550+02:00 DEBUG 158513 --- [lets-play] [nio-8080-exec-8] o.s.s.w.a.AnonymousAuthenticationFilter  : Set SecurityContextHolder to anonymous SecurityContext
2025-10-14T14:14:04.550+02:00 DEBUG 158513 --- [lets-play] [nio-8080-exec-8] o.s.security.web.FilterChainProxy        : Secured GET /api/products
2025-10-14T14:14:04.554+02:00 DEBUG 158513 --- [lets-play] [io-8080-exec-10] o.s.security.web.FilterChainProxy        : Securing GET /api/products
2025-10-14T14:14:04.555+02:00 DEBUG 158513 --- [lets-play] [io-8080-exec-10] o.s.s.w.a.AnonymousAuthenticationFilter  : Set SecurityContextHolder to anonymous SecurityContext
2025-10-14T14:14:04.555+02:00 DEBUG 158513 --- [lets-play] [io-8080-exec-10] o.s.security.web.FilterChainProxy        : Secured GET /api/products
2025-10-14T14:14:04.560+02:00 DEBUG 158513 --- [lets-play] [nio-8080-exec-2] o.s.security.web.FilterChainProxy        : Securing GET /api/products
2025-10-14T14:14:04.560+02:00 DEBUG 158513 --- [lets-play] [nio-8080-exec-2] o.s.s.w.a.AnonymousAuthenticationFilter  : Set SecurityContextHolder to anonymous SecurityContext
2025-10-14T14:14:04.560+02:00 DEBUG 158513 --- [lets-play] [nio-8080-exec-2] o.s.security.web.FilterChainProxy        : Secured GET /api/products
2025-10-14T14:14:04.565+02:00 DEBUG 158513 --- [lets-play] [nio-8080-exec-4] o.s.security.web.FilterChainProxy        : Securing GET /api/products
2025-10-14T14:14:04.565+02:00 DEBUG 158513 --- [lets-play] [nio-8080-exec-4] o.s.s.w.a.AnonymousAuthenticationFilter  : Set SecurityContextHolder to anonymous SecurityContext
2025-10-14T14:14:04.565+02:00 DEBUG 158513 --- [lets-play] [nio-8080-exec-4] o.s.security.web.FilterChainProxy        : Secured GET /api/products
2025-10-14T14:14:04.570+02:00 DEBUG 158513 --- [lets-play] [nio-8080-exec-6] o.s.security.web.FilterChainProxy        : Securing GET /api/products
2025-10-14T14:14:04.570+02:00 DEBUG 158513 --- [lets-play] [nio-8080-exec-6] o.s.s.w.a.AnonymousAuthenticationFilter  : Set SecurityContextHolder to anonymous SecurityContext
2025-10-14T14:14:04.570+02:00 DEBUG 158513 --- [lets-play] [nio-8080-exec-6] o.s.security.web.FilterChainProxy        : Secured GET /api/products
2025-10-14T14:14:04.576+02:00 DEBUG 158513 --- [lets-play] [nio-8080-exec-8] o.s.security.web.FilterChainProxy        : Securing GET /api/products
2025-10-14T14:14:04.576+02:00 DEBUG 158513 --- [lets-play] [nio-8080-exec-8] o.s.s.w.a.AnonymousAuthenticationFilter  : Set SecurityContextHolder to anonymous SecurityContext
2025-10-14T14:14:04.576+02:00 DEBUG 158513 --- [lets-play] [nio-8080-exec-8] o.s.security.web.FilterChainProxy        : Secured GET /api/products
2025-10-14T14:14:04.581+02:00 DEBUG 158513 --- [lets-play] [io-8080-exec-10] o.s.security.web.FilterChainProxy        : Securing GET /api/products
2025-10-14T14:14:04.581+02:00 DEBUG 158513 --- [lets-play] [io-8080-exec-10] o.s.s.w.a.AnonymousAuthenticationFilter  : Set SecurityContextHolder to anonymous SecurityContext
2025-10-14T14:14:04.581+02:00 DEBUG 158513 --- [lets-play] [io-8080-exec-10] o.s.security.web.FilterChainProxy        : Secured GET /api/products
2025-10-14T14:14:04.586+02:00 DEBUG 158513 --- [lets-play] [nio-8080-exec-2] o.s.security.web.FilterChainProxy        : Securing GET /api/products
2025-10-14T14:14:04.586+02:00 DEBUG 158513 --- [lets-play] [nio-8080-exec-2] o.s.s.w.a.AnonymousAuthenticationFilter  : Set SecurityContextHolder to anonymous SecurityContext
2025-10-14T14:14:04.586+02:00 DEBUG 158513 --- [lets-play] [nio-8080-exec-2] o.s.security.web.FilterChainProxy        : Secured GET /api/products
2025-10-14T14:14:04.591+02:00 DEBUG 158513 --- [lets-play] [nio-8080-exec-4] o.s.security.web.FilterChainProxy        : Securing GET /api/products
2025-10-14T14:14:04.796+02:00 DEBUG 158513 --- [lets-play] [nio-8080-exec-6] o.s.security.web.FilterChainProxy        : Securing GET /api/products
2025-10-14T14:14:04.799+02:00 DEBUG 158513 --- [lets-play] [nio-8080-exec-8] o.s.security.web.FilterChainProxy        : Securing GET /api/products
2025-10-14T14:14:04.801+02:00 DEBUG 158513 --- [lets-play] [io-8080-exec-10] o.s.security.web.FilterChainProxy        : Securing GET /api/products
2025-10-14T14:14:04.803+02:00 DEBUG 158513 --- [lets-play] [nio-8080-exec-2] o.s.security.web.FilterChainProxy        : Securing GET /api/products
2025-10-14T14:14:04.805+02:00 DEBUG 158513 --- [lets-play] [nio-8080-exec-4] o.s.security.web.FilterChainProxy        : Securing GET /api/products
2025-10-14T14:14:04.806+02:00 DEBUG 158513 --- [lets-play] [nio-8080-exec-6] o.s.security.web.FilterChainProxy        : Securing GET /api/products
2025-10-14T14:14:04.809+02:00 DEBUG 158513 --- [lets-play] [nio-8080-exec-8] o.s.security.web.FilterChainProxy        : Securing GET /api/products
2025-10-14T14:14:04.811+02:00 DEBUG 158513 --- [lets-play] [io-8080-exec-10] o.s.security.web.FilterChainProxy        : Securing GET /api/products
2025-10-14T14:14:04.813+02:00 DEBUG 158513 --- [lets-play] [nio-8080-exec-2] o.s.security.web.FilterChainProxy        : Securing GET /api/products
2025-10-14T14:14:04.815+02:00 DEBUG 158513 --- [lets-play] [nio-8080-exec-4] o.s.security.web.FilterChainProxy        : Securing GET /api/products
2025-10-14T14:14:05.017+02:00 DEBUG 158513 --- [lets-play] [nio-8080-exec-6] o.s.security.web.FilterChainProxy        : Securing GET /api/products
2025-10-14T14:14:05.020+02:00 DEBUG 158513 --- [lets-play] [nio-8080-exec-8] o.s.security.web.FilterChainProxy        : Securing GET /api/products
2025-10-14T14:14:05.022+02:00 DEBUG 158513 --- [lets-play] [io-8080-exec-10] o.s.security.web.FilterChainProxy        : Securing GET /api/products
2025-10-14T14:14:05.024+02:00 DEBUG 158513 --- [lets-play] [nio-8080-exec-2] o.s.security.web.FilterChainProxy        : Securing GET /api/products
2025-10-14T14:14:05.026+02:00 DEBUG 158513 --- [lets-play] [nio-8080-exec-4] o.s.security.web.FilterChainProxy        : Securing GET /api/products
2025-10-14T14:14:05.028+02:00 DEBUG 158513 --- [lets-play] [nio-8080-exec-6] o.s.security.web.FilterChainProxy        : Securing GET /api/products
2025-10-14T14:14:05.031+02:00 DEBUG 158513 --- [lets-play] [nio-8080-exec-8] o.s.security.web.FilterChainProxy        : Securing GET /api/products
2025-10-14T14:14:05.032+02:00 DEBUG 158513 --- [lets-play] [io-8080-exec-10] o.s.security.web.FilterChainProxy        : Securing GET /api/products
2025-10-14T14:14:05.034+02:00 DEBUG 158513 --- [lets-play] [nio-8080-exec-2] o.s.security.web.FilterChainProxy        : Securing GET /api/products
2025-10-14T14:14:37.557+02:00 DEBUG 158513 --- [lets-play] [nio-8080-exec-5] o.s.security.web.FilterChainProxy        : Securing POST /api/auth/signin
2025-10-14T14:14:37.558+02:00 DEBUG 158513 --- [lets-play] [nio-8080-exec-5] o.s.s.w.a.AnonymousAuthenticationFilter  : Set SecurityContextHolder to anonymous SecurityContext
2025-10-14T14:14:37.558+02:00 DEBUG 158513 --- [lets-play] [nio-8080-exec-5] o.s.security.web.FilterChainProxy        : Secured POST /api/auth/signin
2025-10-14T14:14:37.629+02:00 DEBUG 158513 --- [lets-play] [nio-8080-exec-5] o.s.s.a.dao.DaoAuthenticationProvider    : Authenticated user
2025-10-14T14:14:37.641+02:00 DEBUG 158513 --- [lets-play] [nio-8080-exec-6] o.s.security.web.FilterChainProxy        : Securing GET /api/users/68ee3d4d06c24b04ad00583e
2025-10-14T14:14:37.646+02:00 DEBUG 158513 --- [lets-play] [nio-8080-exec-6] o.s.security.web.FilterChainProxy        : Secured GET /api/users/68ee3d4d06c24b04ad00583e
2025-10-14T14:14:37.647+02:00 DEBUG 158513 --- [lets-play] [nio-8080-exec-6] horizationManagerBeforeMethodInterceptor : Authorizing method invocation ReflectiveMethodInvocation: public org.springframework.http.ResponseEntity com.example.lets_play.controller.UserController.getUserById(java.lang.String); target is of class [com.example.lets_play.controller.UserController]
2025-10-14T14:14:37.683+02:00 DEBUG 158513 --- [lets-play] [nio-8080-exec-6] horizationManagerBeforeMethodInterceptor : Authorized method invocation ReflectiveMethodInvocation: public org.springframework.http.ResponseEntity com.example.lets_play.controller.UserController.getUserById(java.lang.String); target is of class [com.example.lets_play.controller.UserController]
2025-10-14T16:26:02.251+02:00  INFO 158513 --- [lets-play] [localhost:27017] org.mongodb.driver.cluster               : Exception in monitor thread while connecting to server localhost:27017

com.mongodb.MongoNodeIsRecoveringException: Command failed with error 11600 (InterruptedAtShutdown): 'interrupted at shutdown' on server localhost:27017. The full response is {"ok": 0.0, "errmsg": "interrupted at shutdown", "code": 11600, "codeName": "InterruptedAtShutdown"}
	at com.mongodb.internal.connection.ProtocolHelper.createSpecialException(ProtocolHelper.java:264) ~[mongodb-driver-core-5.5.1.jar!/:na]
	at com.mongodb.internal.connection.ProtocolHelper.getCommandFailureException(ProtocolHelper.java:206) ~[mongodb-driver-core-5.5.1.jar!/:na]
	at com.mongodb.internal.connection.InternalStreamConnection.receiveCommandMessageResponse(InternalStreamConnection.java:520) ~[mongodb-driver-core-5.5.1.jar!/:na]
	at com.mongodb.internal.connection.InternalStreamConnection.receive(InternalStreamConnection.java:469) ~[mongodb-driver-core-5.5.1.jar!/:na]
	at com.mongodb.internal.connection.DefaultServerMonitor$ServerMonitor.lookupServerDescription(DefaultServerMonitor.java:249) ~[mongodb-driver-core-5.5.1.jar!/:na]
	at com.mongodb.internal.connection.DefaultServerMonitor$ServerMonitor.run(DefaultServerMonitor.java:176) ~[mongodb-driver-core-5.5.1.jar!/:na]

2025-10-14T16:26:02.620+02:00  INFO 158513 --- [lets-play] [ionShutdownHook] o.s.b.w.e.tomcat.GracefulShutdown        : Commencing graceful shutdown. Waiting for active requests to complete
2025-10-14T16:26:02.622+02:00  INFO 158513 --- [lets-play] [tomcat-shutdown] o.s.b.w.e.tomcat.GracefulShutdown        : Graceful shutdown complete
